Using pre-set license
Built from '2020.3/release' branch; Version is '2020.3.1f1 (77a89f25062f) revision 7841951'; Using compiler version '192528614'; Build Type 'Release'
OS: 'Windows 10 Home; OS build 19044.2006; Version 2009; 64bit' Language: 'en' Physical Memory: 16263 MB
BatchMode: 1, IsHumanControllingUs: 0, StartBugReporterOnCrash: 0, Is64bit: 1, IsPro: 0

 COMMAND LINE ARGUMENTS:
C:\Program Files\Unity\Hub\Editor\2020.3.1f1\Editor\Unity.exe
-adb2
-batchMode
-noUpm
-name
AssetImportWorker0
-projectPath
C:/Users/emman/Desktop/UnityProjects/TexasJam/TexasJamFall2022/TexasJam
-logFile
Logs/AssetImportWorker0.log
-srvPort
61629
Successfully changed project path to: C:/Users/emman/Desktop/UnityProjects/TexasJam/TexasJamFall2022/TexasJam
C:/Users/emman/Desktop/UnityProjects/TexasJam/TexasJamFall2022/TexasJam
Using Asset Import Pipeline V2.
Refreshing native plugins compatible for Editor in 34.37 ms, found 3 plugins.
Preloading 0 native plugins for Editor in 0.00 ms.
Initialize engine version: 2020.3.1f1 (77a89f25062f)
[Subsystems] Discovering subsystems at path C:/Program Files/Unity/Hub/Editor/2020.3.1f1/Editor/Data/Resources/UnitySubsystems
[Subsystems] Discovering subsystems at path C:/Users/emman/Desktop/UnityProjects/TexasJam/TexasJamFall2022/TexasJam/Assets
GfxDevice: creating device client; threaded=0
Direct3D:
    Version:  Direct3D 11.0 [level 11.1]
    Renderer: NVIDIA GeForce GTX 1060 3GB (ID=0x1c02)
    Vendor:   
    VRAM:     2988 MB
    Driver:   31.0.15.1694
Initialize mono
Mono path[0] = 'C:/Program Files/Unity/Hub/Editor/2020.3.1f1/Editor/Data/Managed'
Mono path[1] = 'C:/Program Files/Unity/Hub/Editor/2020.3.1f1/Editor/Data/MonoBleedingEdge/lib/mono/unityjit'
Mono config path = 'C:/Program Files/Unity/Hub/Editor/2020.3.1f1/Editor/Data/MonoBleedingEdge/etc'
Using monoOptions --debugger-agent=transport=dt_socket,embedding=1,server=y,suspend=n,address=127.0.0.1:56464
Begin MonoManager ReloadAssembly
Registering precompiled unity dll's ...
Register platform support module: C:/Program Files/Unity/Hub/Editor/2020.3.1f1/Editor/Data/PlaybackEngines/WebGLSupport/UnityEditor.WebGL.Extensions.dll
Register platform support module: C:/Program Files/Unity/Hub/Editor/2020.3.1f1/Editor/Data/PlaybackEngines/WindowsStandaloneSupport/UnityEditor.WindowsStandalone.Extensions.dll
Registered in 0.005599 seconds.
Native extension for WindowsStandalone target not found
Native extension for WebGL target not found
Refreshing native plugins compatible for Editor in 32.37 ms, found 3 plugins.
Preloading 0 native plugins for Editor in 0.00 ms.
Invoked RoslynAnalysisRunner static constructor.
RoslynAnalysisRunner will not be running.
RoslynAnalysisRunner has terminated.
Mono: successfully reloaded assembly
- Completed reload, in  4.293 seconds
Platform modules already initialized, skipping
Registering precompiled user dll's ...
Registered in 0.001770 seconds.
Begin MonoManager ReloadAssembly
Native extension for WindowsStandalone target not found
Native extension for WebGL target not found
Refreshing native plugins compatible for Editor in 35.73 ms, found 3 plugins.
Preloading 0 native plugins for Editor in 0.00 ms.
Invoked RoslynAnalysisRunner static constructor.
RoslynAnalysisRunner will not be running.
RoslynAnalysisRunner has terminated.
Mono: successfully reloaded assembly
- Completed reload, in  0.877 seconds
Platform modules already initialized, skipping
========================================================================
Worker process is ready to serve import requests
Launched and connected shader compiler UnityShaderCompiler.exe after 0.05 seconds
Refreshing native plugins compatible for Editor in 0.36 ms, found 3 plugins.
Preloading 0 native plugins for Editor in 0.00 ms.
Unloading 1824 Unused Serialized files (Serialized files now loaded: 0)
System memory in use before: 85.6 MB.
System memory in use after: 85.5 MB.

Unloading 28 unused Assets to reduce memory usage. Loaded Objects now: 2265.
Total: 2.099900 ms (FindLiveObjects: 0.261300 ms CreateObjectMapping: 0.093900 ms MarkObjects: 1.631200 ms  DeleteObjects: 0.112000 ms)

========================================================================
Received Import Request.
  path: Assets/StreamingAssets/NegativeSpace-midi-in-silence(2).mid
  artifactKey: Guid(a37968bcb17a0b147aa8e1923078393e) Importer(815301076,1909f56bfc062723c751e8b465ee728b)
Start importing Assets/StreamingAssets/NegativeSpace-midi-in-silence(2).mid using Guid(a37968bcb17a0b147aa8e1923078393e) Importer(815301076,1909f56bfc062723c751e8b465ee728b)  -> (artifact id: 'f503c6643292437105cb90c872444c56') in 0.033758 seconds
  Import took 0.037126 seconds .

========================================================================
Received Prepare
Registering precompiled user dll's ...
Registered in 0.002489 seconds.
Begin MonoManager ReloadAssembly
Native extension for WindowsStandalone target not found
Native extension for WebGL target not found
Refreshing native plugins compatible for Editor in 0.53 ms, found 3 plugins.
Preloading 0 native plugins for Editor in 0.00 ms.
Invoked RoslynAnalysisRunner static constructor.
RoslynAnalysisRunner will not be running.
RoslynAnalysisRunner has terminated.
Mono: successfully reloaded assembly
- Completed reload, in  0.920 seconds
Platform modules already initialized, skipping
Refreshing native plugins compatible for Editor in 0.55 ms, found 3 plugins.
Preloading 0 native plugins for Editor in 0.00 ms.
Unloading 1818 Unused Serialized files (Serialized files now loaded: 0)
System memory in use before: 85.5 MB.
System memory in use after: 85.5 MB.

Unloading 16 unused Assets to reduce memory usage. Loaded Objects now: 2269.
Total: 2.404900 ms (FindLiveObjects: 0.221600 ms CreateObjectMapping: 0.079500 ms MarkObjects: 2.009700 ms  DeleteObjects: 0.092600 ms)

========================================================================
Received Import Request.
  Time since last request: 261.243865 seconds.
  path: Assets/Art Assets/new_main_menu_background.png
  artifactKey: Guid(36ea64c848f99aa4dab1a85d19f3a4c6) Importer(815301076,1909f56bfc062723c751e8b465ee728b)
Start importing Assets/Art Assets/new_main_menu_background.png using Guid(36ea64c848f99aa4dab1a85d19f3a4c6) Importer(815301076,1909f56bfc062723c751e8b465ee728b)  -> (artifact id: '687f57afc3166f2e3c0b53b5cce1e6f6') in 0.088361 seconds
  Import took 0.091875 seconds .

========================================================================
Received Import Request.
  Time since last request: 0.000243 seconds.
  path: Assets/Art Assets/play_2.png
  artifactKey: Guid(ec36cdaa97141724686b336b2ee9dd36) Importer(815301076,1909f56bfc062723c751e8b465ee728b)
Start importing Assets/Art Assets/play_2.png using Guid(ec36cdaa97141724686b336b2ee9dd36) Importer(815301076,1909f56bfc062723c751e8b465ee728b)  -> (artifact id: '4f5ceebbc892d4f61135eca08157d3d9') in 0.013964 seconds
  Import took 0.016903 seconds .

========================================================================
Received Import Request.
  Time since last request: 26.586508 seconds.
  path: Assets/Art Assets/credits_2.png
  artifactKey: Guid(4d8c4cbdd34555949a53c29af10f9fd2) Importer(815301076,1909f56bfc062723c751e8b465ee728b)
Start importing Assets/Art Assets/credits_2.png using Guid(4d8c4cbdd34555949a53c29af10f9fd2) Importer(815301076,1909f56bfc062723c751e8b465ee728b)  -> (artifact id: '0e2f4607f9da3d084e0c8a052a57fa71') in 0.015672 seconds
  Import took 0.019344 seconds .

========================================================================
Received Import Request.
  Time since last request: 0.000294 seconds.
  path: Assets/Art Assets/main_menu_no_play.png
  artifactKey: Guid(1156538862f406d448e7979cefef8a6e) Importer(815301076,1909f56bfc062723c751e8b465ee728b)
Start importing Assets/Art Assets/main_menu_no_play.png using Guid(1156538862f406d448e7979cefef8a6e) Importer(815301076,1909f56bfc062723c751e8b465ee728b)  -> (artifact id: '7910dc23ea2857795590d0bb2bc921cf') in 0.015776 seconds
  Import took 0.018482 seconds .

========================================================================
Received Import Request.
  Time since last request: 0.000277 seconds.
  path: Assets/Art Assets/credits_page_2.png
  artifactKey: Guid(9ba3df1dbb1d5e745aef5efe114cc3a7) Importer(815301076,1909f56bfc062723c751e8b465ee728b)
Start importing Assets/Art Assets/credits_page_2.png using Guid(9ba3df1dbb1d5e745aef5efe114cc3a7) Importer(815301076,1909f56bfc062723c751e8b465ee728b)  -> (artifact id: 'f50963de5b096030f87f9132827862c9') in 0.014571 seconds
  Import took 0.017486 seconds .

========================================================================
Received Prepare
Registering precompiled user dll's ...
Registered in 0.001796 seconds.
Begin MonoManager ReloadAssembly
Native extension for WindowsStandalone target not found
Native extension for WebGL target not found
Refreshing native plugins compatible for Editor in 0.39 ms, found 3 plugins.
Preloading 0 native plugins for Editor in 0.00 ms.
Invoked RoslynAnalysisRunner static constructor.
RoslynAnalysisRunner will not be running.
RoslynAnalysisRunner has terminated.
Mono: successfully reloaded assembly
- Completed reload, in  0.796 seconds
Platform modules already initialized, skipping
Refreshing native plugins compatible for Editor in 0.36 ms, found 3 plugins.
Preloading 0 native plugins for Editor in 0.00 ms.
Unloading 1818 Unused Serialized files (Serialized files now loaded: 0)
System memory in use before: 88.6 MB.
System memory in use after: 88.6 MB.

Unloading 16 unused Assets to reduce memory usage. Loaded Objects now: 2283.
Total: 2.346900 ms (FindLiveObjects: 0.290500 ms CreateObjectMapping: 0.110900 ms MarkObjects: 1.849400 ms  DeleteObjects: 0.094600 ms)

========================================================================
Received Prepare
Refreshing native plugins compatible for Editor in 2.78 ms, found 3 plugins.
Preloading 0 native plugins for Editor in 0.00 ms.
Unloading 14 Unused Serialized files (Serialized files now loaded: 0)
System memory in use before: 53.0 MB.
System memory in use after: 53.0 MB.

Unloading 14 unused Assets to reduce memory usage. Loaded Objects now: 2283.
Total: 2.130500 ms (FindLiveObjects: 0.302800 ms CreateObjectMapping: 0.108800 ms MarkObjects: 1.623000 ms  DeleteObjects: 0.094000 ms)

========================================================================
Received Prepare
Registering precompiled user dll's ...
Registered in 0.001691 seconds.
Begin MonoManager ReloadAssembly
Native extension for WindowsStandalone target not found
Native extension for WebGL target not found
Refreshing native plugins compatible for Editor in 0.39 ms, found 3 plugins.
Preloading 0 native plugins for Editor in 0.00 ms.
Invoked RoslynAnalysisRunner static constructor.
RoslynAnalysisRunner will not be running.
RoslynAnalysisRunner has terminated.
Mono: successfully reloaded assembly
- Completed reload, in  0.756 seconds
Platform modules already initialized, skipping
Refreshing native plugins compatible for Editor in 0.40 ms, found 3 plugins.
Preloading 0 native plugins for Editor in 0.00 ms.
Unloading 1818 Unused Serialized files (Serialized files now loaded: 0)
System memory in use before: 88.7 MB.
System memory in use after: 88.7 MB.

Unloading 16 unused Assets to reduce memory usage. Loaded Objects now: 2287.
Total: 2.037700 ms (FindLiveObjects: 0.184400 ms CreateObjectMapping: 0.060900 ms MarkObjects: 1.669900 ms  DeleteObjects: 0.121400 ms)

========================================================================
Received Prepare
Registering precompiled user dll's ...
Registered in 0.001752 seconds.
Begin MonoManager ReloadAssembly
Native extension for WindowsStandalone target not found
Native extension for WebGL target not found
Refreshing native plugins compatible for Editor in 0.42 ms, found 3 plugins.
Preloading 0 native plugins for Editor in 0.00 ms.
Invoked RoslynAnalysisRunner static constructor.
RoslynAnalysisRunner will not be running.
RoslynAnalysisRunner has terminated.
Mono: successfully reloaded assembly
- Completed reload, in  0.793 seconds
Platform modules already initialized, skipping
Refreshing native plugins compatible for Editor in 0.43 ms, found 3 plugins.
Preloading 0 native plugins for Editor in 0.00 ms.
Unloading 1818 Unused Serialized files (Serialized files now loaded: 0)
System memory in use before: 88.7 MB.
System memory in use after: 88.7 MB.

Unloading 16 unused Assets to reduce memory usage. Loaded Objects now: 2291.
Total: 2.097600 ms (FindLiveObjects: 0.173300 ms CreateObjectMapping: 0.065200 ms MarkObjects: 1.762500 ms  DeleteObjects: 0.095900 ms)

========================================================================
Received Prepare
Registering precompiled user dll's ...
Registered in 0.001698 seconds.
Begin MonoManager ReloadAssembly
Native extension for WindowsStandalone target not found
Native extension for WebGL target not found
Refreshing native plugins compatible for Editor in 0.37 ms, found 3 plugins.
Preloading 0 native plugins for Editor in 0.00 ms.
Invoked RoslynAnalysisRunner static constructor.
RoslynAnalysisRunner will not be running.
RoslynAnalysisRunner has terminated.
Mono: successfully reloaded assembly
- Completed reload, in  0.771 seconds
Platform modules already initialized, skipping
Refreshing native plugins compatible for Editor in 0.36 ms, found 3 plugins.
Preloading 0 native plugins for Editor in 0.00 ms.
Unloading 1818 Unused Serialized files (Serialized files now loaded: 0)
System memory in use before: 88.7 MB.
System memory in use after: 88.7 MB.

Unloading 16 unused Assets to reduce memory usage. Loaded Objects now: 2295.
Total: 2.202300 ms (FindLiveObjects: 0.237900 ms CreateObjectMapping: 0.110400 ms MarkObjects: 1.747300 ms  DeleteObjects: 0.105000 ms)

========================================================================
Received Import Request.
  Time since last request: 957.806357 seconds.
  path: Assets/RightPaw.prefab
  artifactKey: Guid(65979f4efb6b03e4c8ac90adf9e020e0) Importer(815301076,1909f56bfc062723c751e8b465ee728b)
Start importing Assets/RightPaw.prefab using Guid(65979f4efb6b03e4c8ac90adf9e020e0) Importer(815301076,1909f56bfc062723c751e8b465ee728b)  -> (artifact id: '81487f201a39602956dec320bc2c15d4') in 0.064055 seconds
  Import took 0.066939 seconds .

========================================================================
Received Import Request.
  Time since last request: 1.905465 seconds.
  path: Assets/Art Assets/left_note_invisible.png
  artifactKey: Guid(6182299ed34e4114abf9cf3d2476dd6a) Importer(815301076,1909f56bfc062723c751e8b465ee728b)
Start importing Assets/Art Assets/left_note_invisible.png using Guid(6182299ed34e4114abf9cf3d2476dd6a) Importer(815301076,1909f56bfc062723c751e8b465ee728b)  -> (artifact id: '0bc543612c05b1521b44cbc77c015d5d') in 0.030077 seconds
  Import took 0.033223 seconds .

========================================================================
Received Import Request.
  Time since last request: 0.001824 seconds.
  path: Assets/Art Assets/left_note_invisible.png
  artifactKey: Guid(6182299ed34e4114abf9cf3d2476dd6a) Importer(815301076,1909f56bfc062723c751e8b465ee728b)
Start importing Assets/Art Assets/left_note_invisible.png using Guid(6182299ed34e4114abf9cf3d2476dd6a) Importer(815301076,1909f56bfc062723c751e8b465ee728b)  -> (artifact id: '0bc543612c05b1521b44cbc77c015d5d') in 0.010700 seconds
  Import took 0.014062 seconds .

========================================================================
Received Import Request.
  Time since last request: 1.588235 seconds.
  path: Assets/Art Assets/right_note_invisible.png
  artifactKey: Guid(f1951ad38707a874e89625c10d355b27) Importer(815301076,1909f56bfc062723c751e8b465ee728b)
Start importing Assets/Art Assets/right_note_invisible.png using Guid(f1951ad38707a874e89625c10d355b27) Importer(815301076,1909f56bfc062723c751e8b465ee728b)  -> (artifact id: '9295b6338c85daa76065676e4a065c34') in 0.012469 seconds
  Import took 0.015274 seconds .

========================================================================
Received Import Request.
  Time since last request: 3.735041 seconds.
  path: Assets/RightPaw.prefab
  artifactKey: Guid(65979f4efb6b03e4c8ac90adf9e020e0) Importer(815301076,1909f56bfc062723c751e8b465ee728b)
Start importing Assets/RightPaw.prefab using Guid(65979f4efb6b03e4c8ac90adf9e020e0) Importer(815301076,1909f56bfc062723c751e8b465ee728b)  -> (artifact id: 'da2a17ad07f1ddacdc29a487d0ff4ebf') in 0.007554 seconds
  Import took 0.010291 seconds .

========================================================================
Received Import Request.
  Time since last request: 5.629465 seconds.
  path: Assets/LeftPaw.prefab
  artifactKey: Guid(ba52a9d0e0bd4824fb410ada27889ee9) Importer(815301076,1909f56bfc062723c751e8b465ee728b)
Start importing Assets/LeftPaw.prefab using Guid(ba52a9d0e0bd4824fb410ada27889ee9) Importer(815301076,1909f56bfc062723c751e8b465ee728b)  -> (artifact id: '704ca8cf011c049a6f1c209027e8657f') in 0.015102 seconds
  Import took 0.018335 seconds .

========================================================================
Received Import Request.
  Time since last request: 4.719869 seconds.
  path: Assets/LeftPaw.prefab
  artifactKey: Guid(ba52a9d0e0bd4824fb410ada27889ee9) Importer(815301076,1909f56bfc062723c751e8b465ee728b)
Start importing Assets/LeftPaw.prefab using Guid(ba52a9d0e0bd4824fb410ada27889ee9) Importer(815301076,1909f56bfc062723c751e8b465ee728b)  -> (artifact id: 'a85cd027ee10260e777400f8bd847421') in 0.008373 seconds
  Import took 0.011427 seconds .

========================================================================
Received Prepare
Registering precompiled user dll's ...
Registered in 0.001692 seconds.
Begin MonoManager ReloadAssembly
Native extension for WindowsStandalone target not found
Native extension for WebGL target not found
Refreshing native plugins compatible for Editor in 0.36 ms, found 3 plugins.
Preloading 0 native plugins for Editor in 0.00 ms.
Invoked RoslynAnalysisRunner static constructor.
RoslynAnalysisRunner will not be running.
RoslynAnalysisRunner has terminated.
Mono: successfully reloaded assembly
- Completed reload, in  0.762 seconds
Platform modules already initialized, skipping
Refreshing native plugins compatible for Editor in 0.37 ms, found 3 plugins.
Preloading 0 native plugins for Editor in 0.00 ms.
Unloading 1818 Unused Serialized files (Serialized files now loaded: 0)
System memory in use before: 88.7 MB.
System memory in use after: 88.7 MB.

Unloading 16 unused Assets to reduce memory usage. Loaded Objects now: 2306.
Total: 2.021900 ms (FindLiveObjects: 0.173900 ms CreateObjectMapping: 0.070500 ms MarkObjects: 1.671500 ms  DeleteObjects: 0.105100 ms)

========================================================================
Received Prepare
Registering precompiled user dll's ...
Registered in 0.001663 seconds.
Begin MonoManager ReloadAssembly
Native extension for WindowsStandalone target not found
Native extension for WebGL target not found
Refreshing native plugins compatible for Editor in 0.37 ms, found 3 plugins.
Preloading 0 native plugins for Editor in 0.00 ms.
Invoked RoslynAnalysisRunner static constructor.
RoslynAnalysisRunner will not be running.
RoslynAnalysisRunner has terminated.
Mono: successfully reloaded assembly
- Completed reload, in  0.813 seconds
Platform modules already initialized, skipping
Refreshing native plugins compatible for Editor in 0.36 ms, found 3 plugins.
Preloading 0 native plugins for Editor in 0.00 ms.
Unloading 1818 Unused Serialized files (Serialized files now loaded: 0)
System memory in use before: 88.8 MB.
System memory in use after: 88.7 MB.

Unloading 16 unused Assets to reduce memory usage. Loaded Objects now: 2310.
Total: 2.075000 ms (FindLiveObjects: 0.204700 ms CreateObjectMapping: 0.066700 ms MarkObjects: 1.702200 ms  DeleteObjects: 0.100600 ms)

========================================================================
Received Prepare
Registering precompiled user dll's ...
Registered in 0.001711 seconds.
Begin MonoManager ReloadAssembly
Native extension for WindowsStandalone target not found
Native extension for WebGL target not found
Refreshing native plugins compatible for Editor in 0.35 ms, found 3 plugins.
Preloading 0 native plugins for Editor in 0.00 ms.
Invoked RoslynAnalysisRunner static constructor.
RoslynAnalysisRunner will not be running.
RoslynAnalysisRunner has terminated.
Mono: successfully reloaded assembly
- Completed reload, in  0.774 seconds
Platform modules already initialized, skipping
Refreshing native plugins compatible for Editor in 0.37 ms, found 3 plugins.
Preloading 0 native plugins for Editor in 0.00 ms.
Unloading 1818 Unused Serialized files (Serialized files now loaded: 0)
System memory in use before: 88.8 MB.
System memory in use after: 88.8 MB.

Unloading 16 unused Assets to reduce memory usage. Loaded Objects now: 2314.
Total: 2.125500 ms (FindLiveObjects: 0.240300 ms CreateObjectMapping: 0.055500 ms MarkObjects: 1.726700 ms  DeleteObjects: 0.100200 ms)

========================================================================
Received Prepare
Registering precompiled user dll's ...
Registered in 0.001734 seconds.
Begin MonoManager ReloadAssembly
Native extension for WindowsStandalone target not found
Native extension for WebGL target not found
Refreshing native plugins compatible for Editor in 0.36 ms, found 3 plugins.
Preloading 0 native plugins for Editor in 0.00 ms.
Invoked RoslynAnalysisRunner static constructor.
RoslynAnalysisRunner will not be running.
RoslynAnalysisRunner has terminated.
Mono: successfully reloaded assembly
- Completed reload, in  0.785 seconds
Platform modules already initialized, skipping
Refreshing native plugins compatible for Editor in 0.36 ms, found 3 plugins.
Preloading 0 native plugins for Editor in 0.00 ms.
Unloading 1818 Unused Serialized files (Serialized files now loaded: 0)
System memory in use before: 88.8 MB.
System memory in use after: 88.8 MB.

Unloading 16 unused Assets to reduce memory usage. Loaded Objects now: 2318.
Total: 2.482100 ms (FindLiveObjects: 0.486100 ms CreateObjectMapping: 0.242800 ms MarkObjects: 1.627800 ms  DeleteObjects: 0.122000 ms)

========================================================================
Received Prepare
Refreshing native plugins compatible for Editor in 2.83 ms, found 3 plugins.
Preloading 0 native plugins for Editor in 0.00 ms.
Unloading 14 Unused Serialized files (Serialized files now loaded: 0)
System memory in use before: 53.1 MB.
System memory in use after: 53.1 MB.

Unloading 14 unused Assets to reduce memory usage. Loaded Objects now: 2318.
Total: 2.227000 ms (FindLiveObjects: 0.171100 ms CreateObjectMapping: 0.055200 ms MarkObjects: 1.902000 ms  DeleteObjects: 0.097700 ms)

========================================================================
Received Prepare
Registering precompiled user dll's ...
Registered in 0.001684 seconds.
Begin MonoManager ReloadAssembly
Native extension for WindowsStandalone target not found
Native extension for WebGL target not found
Refreshing native plugins compatible for Editor in 0.38 ms, found 3 plugins.
Preloading 0 native plugins for Editor in 0.00 ms.
Invoked RoslynAnalysisRunner static constructor.
RoslynAnalysisRunner will not be running.
RoslynAnalysisRunner has terminated.
Mono: successfully reloaded assembly
- Completed reload, in  0.779 seconds
Platform modules already initialized, skipping
Refreshing native plugins compatible for Editor in 0.38 ms, found 3 plugins.
Preloading 0 native plugins for Editor in 0.00 ms.
Unloading 1818 Unused Serialized files (Serialized files now loaded: 0)
System memory in use before: 88.8 MB.
System memory in use after: 88.8 MB.

Unloading 16 unused Assets to reduce memory usage. Loaded Objects now: 2322.
Total: 2.330500 ms (FindLiveObjects: 0.256500 ms CreateObjectMapping: 0.122000 ms MarkObjects: 1.826700 ms  DeleteObjects: 0.123900 ms)

========================================================================
Received Prepare
Registering precompiled user dll's ...
Registered in 0.001697 seconds.
Begin MonoManager ReloadAssembly
Native extension for WindowsStandalone target not found
Native extension for WebGL target not found
Refreshing native plugins compatible for Editor in 0.36 ms, found 3 plugins.
Preloading 0 native plugins for Editor in 0.00 ms.
Invoked RoslynAnalysisRunner static constructor.
RoslynAnalysisRunner will not be running.
RoslynAnalysisRunner has terminated.
Mono: successfully reloaded assembly
- Completed reload, in  0.767 seconds
Platform modules already initialized, skipping
Refreshing native plugins compatible for Editor in 0.36 ms, found 3 plugins.
Preloading 0 native plugins for Editor in 0.00 ms.
Unloading 1818 Unused Serialized files (Serialized files now loaded: 0)
System memory in use before: 88.8 MB.
System memory in use after: 88.8 MB.

Unloading 16 unused Assets to reduce memory usage. Loaded Objects now: 2326.
Total: 2.314700 ms (FindLiveObjects: 0.292000 ms CreateObjectMapping: 0.123700 ms MarkObjects: 1.786000 ms  DeleteObjects: 0.110500 ms)

========================================================================
Received Prepare
Registering precompiled user dll's ...
Registered in 0.001680 seconds.
Begin MonoManager ReloadAssembly
Native extension for WindowsStandalone target not found
Native extension for WebGL target not found
Refreshing native plugins compatible for Editor in 0.36 ms, found 3 plugins.
Preloading 0 native plugins for Editor in 0.00 ms.
Invoked RoslynAnalysisRunner static constructor.
RoslynAnalysisRunner will not be running.
RoslynAnalysisRunner has terminated.
Mono: successfully reloaded assembly
- Completed reload, in  0.760 seconds
Platform modules already initialized, skipping
Refreshing native plugins compatible for Editor in 0.35 ms, found 3 plugins.
Preloading 0 native plugins for Editor in 0.00 ms.
Unloading 1818 Unused Serialized files (Serialized files now loaded: 0)
System memory in use before: 88.8 MB.
System memory in use after: 88.8 MB.

Unloading 16 unused Assets to reduce memory usage. Loaded Objects now: 2330.
Total: 2.161000 ms (FindLiveObjects: 0.223200 ms CreateObjectMapping: 0.068200 ms MarkObjects: 1.762100 ms  DeleteObjects: 0.106400 ms)

========================================================================
Received Import Request.
  Time since last request: 1622.882936 seconds.
  path: Assets/InvLeftPaw.prefab
  artifactKey: Guid(3e17041b77a928344854be0e36b20c50) Importer(815301076,1909f56bfc062723c751e8b465ee728b)
Start importing Assets/InvLeftPaw.prefab using Guid(3e17041b77a928344854be0e36b20c50) Importer(815301076,1909f56bfc062723c751e8b465ee728b)  -> (artifact id: '21118f24446723a4bb30967f4c6a5cbc') in 0.024556 seconds
  Import took 0.028277 seconds .

========================================================================
Received Import Request.
  Time since last request: 13.633634 seconds.
  path: Assets/InvertShader.shader
  artifactKey: Guid(d38de78ff6e0d3d468a8509a6f5d7c94) Importer(815301076,1909f56bfc062723c751e8b465ee728b)
Start importing Assets/InvertShader.shader using Guid(d38de78ff6e0d3d468a8509a6f5d7c94) Importer(815301076,1909f56bfc062723c751e8b465ee728b)  -> (artifact id: 'e651f7aa8c243d558bd77f4f8fd71bbb') in 0.007921 seconds
  Import took 0.011181 seconds .

========================================================================
Received Import Request.
  Time since last request: 0.427694 seconds.
  path: Assets/InvertShader.shader
  artifactKey: Guid(d38de78ff6e0d3d468a8509a6f5d7c94) Importer(815301076,1909f56bfc062723c751e8b465ee728b)
Start importing Assets/InvertShader.shader using Guid(d38de78ff6e0d3d468a8509a6f5d7c94) Importer(815301076,1909f56bfc062723c751e8b465ee728b)  -> (artifact id: 'e651f7aa8c243d558bd77f4f8fd71bbb') in 0.002498 seconds
  Import took 0.005240 seconds .

========================================================================
Received Import Request.
  Time since last request: 10.560465 seconds.
  path: Assets/LeftPaw 1.prefab
  artifactKey: Guid(7ca0118afe2fb47429e492b5cbac3813) Importer(815301076,1909f56bfc062723c751e8b465ee728b)
Start importing Assets/LeftPaw 1.prefab using Guid(7ca0118afe2fb47429e492b5cbac3813) Importer(815301076,1909f56bfc062723c751e8b465ee728b)  -> (artifact id: '96f0127dca2812ce0607f0e9bcb88f50') in 0.037426 seconds
  Import took 0.040761 seconds .

========================================================================
Received Import Request.
  Time since last request: 8.423267 seconds.
  path: Assets/InvLeftPaw.prefab
  artifactKey: Guid(7ca0118afe2fb47429e492b5cbac3813) Importer(815301076,1909f56bfc062723c751e8b465ee728b)
Start importing Assets/InvLeftPaw.prefab using Guid(7ca0118afe2fb47429e492b5cbac3813) Importer(815301076,1909f56bfc062723c751e8b465ee728b)  -> (artifact id: '5f67ee6d9682fc95015e19b6e5d534b4') in 0.008538 seconds
  Import took 0.011775 seconds .

========================================================================
Received Import Request.
  Time since last request: 9.635032 seconds.
  path: Assets/InvLeftPaw.prefab
  artifactKey: Guid(7ca0118afe2fb47429e492b5cbac3813) Importer(815301076,1909f56bfc062723c751e8b465ee728b)
Start importing Assets/InvLeftPaw.prefab using Guid(7ca0118afe2fb47429e492b5cbac3813) Importer(815301076,1909f56bfc062723c751e8b465ee728b)  -> (artifact id: '874340fb568acff74886984b4a928c88') in 0.010184 seconds
  Import took 0.013755 seconds .

========================================================================
Received Prepare
Registering precompiled user dll's ...
Registered in 0.001680 seconds.
Begin MonoManager ReloadAssembly
Native extension for WindowsStandalone target not found
Native extension for WebGL target not found
Refreshing native plugins compatible for Editor in 0.36 ms, found 3 plugins.
Preloading 0 native plugins for Editor in 0.00 ms.
Invoked RoslynAnalysisRunner static constructor.
RoslynAnalysisRunner will not be running.
RoslynAnalysisRunner has terminated.
Mono: successfully reloaded assembly
- Completed reload, in  0.780 seconds
Platform modules already initialized, skipping
Refreshing native plugins compatible for Editor in 0.36 ms, found 3 plugins.
Preloading 0 native plugins for Editor in 0.00 ms.
Unloading 1818 Unused Serialized files (Serialized files now loaded: 0)
System memory in use before: 88.8 MB.
System memory in use after: 88.8 MB.

Unloading 16 unused Assets to reduce memory usage. Loaded Objects now: 2335.
Total: 1.954300 ms (FindLiveObjects: 0.219800 ms CreateObjectMapping: 0.067100 ms MarkObjects: 1.567500 ms  DeleteObjects: 0.098500 ms)

========================================================================
Received Import Request.
  Time since last request: 15.986822 seconds.
  path: Assets/RightPaw 1.prefab
  artifactKey: Guid(5651a08e5f094d741aaaf002ad859e17) Importer(815301076,1909f56bfc062723c751e8b465ee728b)
Start importing Assets/RightPaw 1.prefab using Guid(5651a08e5f094d741aaaf002ad859e17) Importer(815301076,1909f56bfc062723c751e8b465ee728b)  -> (artifact id: '91bb2a27d227fc4dd064e4f00b7c3c66') in 0.049177 seconds
  Import took 0.052469 seconds .

========================================================================
Received Import Request.
  Time since last request: 6.110607 seconds.
  path: Assets/InvRightPaw.prefab
  artifactKey: Guid(5651a08e5f094d741aaaf002ad859e17) Importer(815301076,1909f56bfc062723c751e8b465ee728b)
Start importing Assets/InvRightPaw.prefab using Guid(5651a08e5f094d741aaaf002ad859e17) Importer(815301076,1909f56bfc062723c751e8b465ee728b)  -> (artifact id: '162fb43b761879096b47d280d885de00') in 0.011166 seconds
  Import took 0.014018 seconds .

========================================================================
Received Prepare
Registering precompiled user dll's ...
Registered in 0.001911 seconds.
Begin MonoManager ReloadAssembly
Native extension for WindowsStandalone target not found
Native extension for WebGL target not found
Refreshing native plugins compatible for Editor in 0.50 ms, found 3 plugins.
Preloading 0 native plugins for Editor in 0.00 ms.
Invoked RoslynAnalysisRunner static constructor.
RoslynAnalysisRunner will not be running.
RoslynAnalysisRunner has terminated.
Mono: successfully reloaded assembly
- Completed reload, in  0.904 seconds
Platform modules already initialized, skipping
Refreshing native plugins compatible for Editor in 0.39 ms, found 3 plugins.
Preloading 0 native plugins for Editor in 0.00 ms.
Unloading 1818 Unused Serialized files (Serialized files now loaded: 0)
System memory in use before: 88.8 MB.
System memory in use after: 88.8 MB.

Unloading 16 unused Assets to reduce memory usage. Loaded Objects now: 2340.
Total: 2.092400 ms (FindLiveObjects: 0.182900 ms CreateObjectMapping: 0.066400 ms MarkObjects: 1.746400 ms  DeleteObjects: 0.095600 ms)

========================================================================
Received Prepare
Registering precompiled user dll's ...
Registered in 0.001739 seconds.
Begin MonoManager ReloadAssembly
Native extension for WindowsStandalone target not found
Native extension for WebGL target not found
Refreshing native plugins compatible for Editor in 0.36 ms, found 3 plugins.
Preloading 0 native plugins for Editor in 0.00 ms.
Invoked RoslynAnalysisRunner static constructor.
RoslynAnalysisRunner will not be running.
RoslynAnalysisRunner has terminated.
Mono: successfully reloaded assembly
- Completed reload, in  0.760 seconds
Platform modules already initialized, skipping
Refreshing native plugins compatible for Editor in 0.35 ms, found 3 plugins.
Preloading 0 native plugins for Editor in 0.00 ms.
Unloading 1818 Unused Serialized files (Serialized files now loaded: 0)
System memory in use before: 88.8 MB.
System memory in use after: 88.8 MB.

Unloading 16 unused Assets to reduce memory usage. Loaded Objects now: 2344.
Total: 2.143300 ms (FindLiveObjects: 0.306200 ms CreateObjectMapping: 0.086100 ms MarkObjects: 1.632600 ms  DeleteObjects: 0.116300 ms)

========================================================================
Received Prepare
Registering precompiled user dll's ...
Registered in 0.001890 seconds.
Begin MonoManager ReloadAssembly
Native extension for WindowsStandalone target not found
Native extension for WebGL target not found
Refreshing native plugins compatible for Editor in 0.41 ms, found 3 plugins.
Preloading 0 native plugins for Editor in 0.00 ms.
Invoked RoslynAnalysisRunner static constructor.
RoslynAnalysisRunner will not be running.
RoslynAnalysisRunner has terminated.
Mono: successfully reloaded assembly
- Completed reload, in  0.785 seconds
Platform modules already initialized, skipping
Refreshing native plugins compatible for Editor in 0.47 ms, found 3 plugins.
Preloading 0 native plugins for Editor in 0.00 ms.
Unloading 1818 Unused Serialized files (Serialized files now loaded: 0)
System memory in use before: 88.8 MB.
System memory in use after: 88.8 MB.

Unloading 16 unused Assets to reduce memory usage. Loaded Objects now: 2348.
Total: 2.360800 ms (FindLiveObjects: 0.433900 ms CreateObjectMapping: 0.088300 ms MarkObjects: 1.726500 ms  DeleteObjects: 0.110200 ms)

========================================================================
Received Prepare
Registering precompiled user dll's ...
Registered in 0.001643 seconds.
Begin MonoManager ReloadAssembly
Native extension for WindowsStandalone target not found
Native extension for WebGL target not found
Refreshing native plugins compatible for Editor in 0.37 ms, found 3 plugins.
Preloading 0 native plugins for Editor in 0.00 ms.
Invoked RoslynAnalysisRunner static constructor.
RoslynAnalysisRunner will not be running.
RoslynAnalysisRunner has terminated.
Mono: successfully reloaded assembly
- Completed reload, in  0.762 seconds
Platform modules already initialized, skipping
Refreshing native plugins compatible for Editor in 0.38 ms, found 3 plugins.
Preloading 0 native plugins for Editor in 0.00 ms.
Unloading 1818 Unused Serialized files (Serialized files now loaded: 0)
System memory in use before: 88.9 MB.
System memory in use after: 88.8 MB.

Unloading 16 unused Assets to reduce memory usage. Loaded Objects now: 2352.
Total: 2.077500 ms (FindLiveObjects: 0.258200 ms CreateObjectMapping: 0.101900 ms MarkObjects: 1.617200 ms  DeleteObjects: 0.099400 ms)

========================================================================
Received Import Request.
  Time since last request: 588.069202 seconds.
  path: Assets/InvRightPaw.prefab
  artifactKey: Guid(5651a08e5f094d741aaaf002ad859e17) Importer(815301076,1909f56bfc062723c751e8b465ee728b)
Start importing Assets/InvRightPaw.prefab using Guid(5651a08e5f094d741aaaf002ad859e17) Importer(815301076,1909f56bfc062723c751e8b465ee728b)  -> (artifact id: '29536e2beadd71fbf72c8014ced8a334') in 0.050001 seconds
  Import took 0.053463 seconds .

========================================================================
Received Prepare
Registering precompiled user dll's ...
Registered in 0.001698 seconds.
Begin MonoManager ReloadAssembly
Native extension for WindowsStandalone target not found
Native extension for WebGL target not found
Refreshing native plugins compatible for Editor in 0.47 ms, found 3 plugins.
Preloading 0 native plugins for Editor in 0.00 ms.
Invoked RoslynAnalysisRunner static constructor.
RoslynAnalysisRunner will not be running.
RoslynAnalysisRunner has terminated.
Mono: successfully reloaded assembly
- Completed reload, in  0.761 seconds
Platform modules already initialized, skipping
Refreshing native plugins compatible for Editor in 0.38 ms, found 3 plugins.
Preloading 0 native plugins for Editor in 0.00 ms.
Unloading 1818 Unused Serialized files (Serialized files now loaded: 0)
System memory in use before: 88.9 MB.
System memory in use after: 88.9 MB.

Unloading 16 unused Assets to reduce memory usage. Loaded Objects now: 2357.
Total: 5.076200 ms (FindLiveObjects: 0.467400 ms CreateObjectMapping: 0.211900 ms MarkObjects: 4.177800 ms  DeleteObjects: 0.215900 ms)

========================================================================
Received Import Request.
  Time since last request: 127.104506 seconds.
  path: Assets/Art Assets/left_note_invisible.png
  artifactKey: Guid(6182299ed34e4114abf9cf3d2476dd6a) Importer(815301076,1909f56bfc062723c751e8b465ee728b)
Start importing Assets/Art Assets/left_note_invisible.png using Guid(6182299ed34e4114abf9cf3d2476dd6a) Importer(815301076,1909f56bfc062723c751e8b465ee728b)  -> (artifact id: 'a72d4cb2bec680ea6c01dbe84c35fbab') in 0.046147 seconds
  Import took 0.049280 seconds .

========================================================================
Received Import Request.
  Time since last request: 11.394485 seconds.
  path: Assets/Art Assets/right_note_invisible.png
  artifactKey: Guid(f1951ad38707a874e89625c10d355b27) Importer(815301076,1909f56bfc062723c751e8b465ee728b)
Start importing Assets/Art Assets/right_note_invisible.png using Guid(f1951ad38707a874e89625c10d355b27) Importer(815301076,1909f56bfc062723c751e8b465ee728b)  -> (artifact id: '88bffe5d004ee23890eaac6fb7277c38') in 0.010283 seconds
  Import took 0.013355 seconds .

========================================================================
Received Prepare
Registering precompiled user dll's ...
Registered in 0.001762 seconds.
Begin MonoManager ReloadAssembly
Native extension for WindowsStandalone target not found
Native extension for WebGL target not found
Refreshing native plugins compatible for Editor in 0.43 ms, found 3 plugins.
Preloading 0 native plugins for Editor in 0.00 ms.
Invoked RoslynAnalysisRunner static constructor.
RoslynAnalysisRunner will not be running.
RoslynAnalysisRunner has terminated.
Mono: successfully reloaded assembly
- Completed reload, in  0.886 seconds
Platform modules already initialized, skipping
Refreshing native plugins compatible for Editor in 0.38 ms, found 3 plugins.
Preloading 0 native plugins for Editor in 0.00 ms.
Unloading 1818 Unused Serialized files (Serialized files now loaded: 0)
System memory in use before: 88.9 MB.
System memory in use after: 88.9 MB.

Unloading 16 unused Assets to reduce memory usage. Loaded Objects now: 2362.
Total: 2.039500 ms (FindLiveObjects: 0.174000 ms CreateObjectMapping: 0.062600 ms MarkObjects: 1.680200 ms  DeleteObjects: 0.121800 ms)

========================================================================
Received Prepare
Registering precompiled user dll's ...
Registered in 0.001760 seconds.
Begin MonoManager ReloadAssembly
Native extension for WindowsStandalone target not found
Native extension for WebGL target not found
Refreshing native plugins compatible for Editor in 0.37 ms, found 3 plugins.
Preloading 0 native plugins for Editor in 0.00 ms.
Invoked RoslynAnalysisRunner static constructor.
RoslynAnalysisRunner will not be running.
RoslynAnalysisRunner has terminated.
Mono: successfully reloaded assembly
- Completed reload, in  0.760 seconds
Platform modules already initialized, skipping
Refreshing native plugins compatible for Editor in 0.36 ms, found 3 plugins.
Preloading 0 native plugins for Editor in 0.00 ms.
Unloading 1818 Unused Serialized files (Serialized files now loaded: 0)
System memory in use before: 88.9 MB.
System memory in use after: 88.9 MB.

Unloading 16 unused Assets to reduce memory usage. Loaded Objects now: 2366.
Total: 2.539200 ms (FindLiveObjects: 0.399600 ms CreateObjectMapping: 0.189700 ms MarkObjects: 1.840000 ms  DeleteObjects: 0.106900 ms)

========================================================================
Received Prepare
Registering precompiled user dll's ...
Registered in 0.001683 seconds.
Begin MonoManager ReloadAssembly
Native extension for WindowsStandalone target not found
Native extension for WebGL target not found
Refreshing native plugins compatible for Editor in 0.36 ms, found 3 plugins.
Preloading 0 native plugins for Editor in 0.00 ms.
Invoked RoslynAnalysisRunner static constructor.
RoslynAnalysisRunner will not be running.
RoslynAnalysisRunner has terminated.
Mono: successfully reloaded assembly
- Completed reload, in  0.756 seconds
Platform modules already initialized, skipping
Refreshing native plugins compatible for Editor in 0.36 ms, found 3 plugins.
Preloading 0 native plugins for Editor in 0.00 ms.
Unloading 1818 Unused Serialized files (Serialized files now loaded: 0)
System memory in use before: 88.9 MB.
System memory in use after: 88.9 MB.

Unloading 16 unused Assets to reduce memory usage. Loaded Objects now: 2370.
Total: 2.377300 ms (FindLiveObjects: 0.345700 ms CreateObjectMapping: 0.116100 ms MarkObjects: 1.802500 ms  DeleteObjects: 0.110400 ms)

========================================================================
Received Prepare
Registering precompiled user dll's ...
Registered in 0.001670 seconds.
Begin MonoManager ReloadAssembly
Native extension for WindowsStandalone target not found
Native extension for WebGL target not found
Refreshing native plugins compatible for Editor in 0.36 ms, found 3 plugins.
Preloading 0 native plugins for Editor in 0.00 ms.
Invoked RoslynAnalysisRunner static constructor.
RoslynAnalysisRunner will not be running.
RoslynAnalysisRunner has terminated.
Mono: successfully reloaded assembly
- Completed reload, in  0.774 seconds
Platform modules already initialized, skipping
Refreshing native plugins compatible for Editor in 0.37 ms, found 3 plugins.
Preloading 0 native plugins for Editor in 0.00 ms.
Unloading 1818 Unused Serialized files (Serialized files now loaded: 0)
System memory in use before: 88.9 MB.
System memory in use after: 88.9 MB.

Unloading 16 unused Assets to reduce memory usage. Loaded Objects now: 2374.
Total: 1.902100 ms (FindLiveObjects: 0.166700 ms CreateObjectMapping: 0.061000 ms MarkObjects: 1.566200 ms  DeleteObjects: 0.107000 ms)

========================================================================
Received Prepare
Refreshing native plugins compatible for Editor in 2.73 ms, found 3 plugins.
Preloading 0 native plugins for Editor in 0.00 ms.
Unloading 14 Unused Serialized files (Serialized files now loaded: 0)
System memory in use before: 53.3 MB.
System memory in use after: 53.2 MB.

Unloading 14 unused Assets to reduce memory usage. Loaded Objects now: 2374.
Total: 2.288600 ms (FindLiveObjects: 0.300900 ms CreateObjectMapping: 0.097500 ms MarkObjects: 1.785700 ms  DeleteObjects: 0.102500 ms)

AssetImportWorkerClient::OnTransportError - code=2 error=End of file
