Using pre-set license
Built from '2020.3/release' branch; Version is '2020.3.1f1 (77a89f25062f) revision 7841951'; Using compiler version '192528614'; Build Type 'Release'
OS: 'Windows 10 Home; OS build 19044.2006; Version 2009; 64bit' Language: 'en' Physical Memory: 16263 MB
BatchMode: 1, IsHumanControllingUs: 0, StartBugReporterOnCrash: 0, Is64bit: 1, IsPro: 0

 COMMAND LINE ARGUMENTS:
C:\Program Files\Unity\Hub\Editor\2020.3.1f1\Editor\Unity.exe
-adb2
-batchMode
-noUpm
-name
AssetImportWorker0
-projectPath
C:/Users/emman/Desktop/UnityProjects/TexasJam/TexasJamFall2022/TexasJam
-logFile
Logs/AssetImportWorker0.log
-srvPort
56818
Successfully changed project path to: C:/Users/emman/Desktop/UnityProjects/TexasJam/TexasJamFall2022/TexasJam
C:/Users/emman/Desktop/UnityProjects/TexasJam/TexasJamFall2022/TexasJam
Using Asset Import Pipeline V2.
Refreshing native plugins compatible for Editor in 35.47 ms, found 1 plugins.
Preloading 0 native plugins for Editor in 0.00 ms.
Initialize engine version: 2020.3.1f1 (77a89f25062f)
[Subsystems] Discovering subsystems at path C:/Program Files/Unity/Hub/Editor/2020.3.1f1/Editor/Data/Resources/UnitySubsystems
[Subsystems] Discovering subsystems at path C:/Users/emman/Desktop/UnityProjects/TexasJam/TexasJamFall2022/TexasJam/Assets
GfxDevice: creating device client; threaded=0
Direct3D:
    Version:  Direct3D 11.0 [level 11.1]
    Renderer: NVIDIA GeForce GTX 1060 3GB (ID=0x1c02)
    Vendor:   
    VRAM:     2988 MB
    Driver:   31.0.15.1694
Initialize mono
Mono path[0] = 'C:/Program Files/Unity/Hub/Editor/2020.3.1f1/Editor/Data/Managed'
Mono path[1] = 'C:/Program Files/Unity/Hub/Editor/2020.3.1f1/Editor/Data/MonoBleedingEdge/lib/mono/unityjit'
Mono config path = 'C:/Program Files/Unity/Hub/Editor/2020.3.1f1/Editor/Data/MonoBleedingEdge/etc'
Using monoOptions --debugger-agent=transport=dt_socket,embedding=1,server=y,suspend=n,address=127.0.0.1:56428
Begin MonoManager ReloadAssembly
Registering precompiled unity dll's ...
Register platform support module: C:/Program Files/Unity/Hub/Editor/2020.3.1f1/Editor/Data/PlaybackEngines/WebGLSupport/UnityEditor.WebGL.Extensions.dll
Register platform support module: C:/Program Files/Unity/Hub/Editor/2020.3.1f1/Editor/Data/PlaybackEngines/WindowsStandaloneSupport/UnityEditor.WindowsStandalone.Extensions.dll
Registered in 0.003202 seconds.
Native extension for WindowsStandalone target not found
Native extension for WebGL target not found
Refreshing native plugins compatible for Editor in 33.97 ms, found 1 plugins.
Preloading 0 native plugins for Editor in 0.00 ms.
Invoked RoslynAnalysisRunner static constructor.
RoslynAnalysisRunner will not be running.
RoslynAnalysisRunner has terminated.
Mono: successfully reloaded assembly
- Completed reload, in  1.991 seconds
Platform modules already initialized, skipping
Registering precompiled user dll's ...
Registered in 0.000916 seconds.
Begin MonoManager ReloadAssembly
Native extension for WindowsStandalone target not found
Native extension for WebGL target not found
Refreshing native plugins compatible for Editor in 33.22 ms, found 1 plugins.
Preloading 0 native plugins for Editor in 0.00 ms.
Invoked RoslynAnalysisRunner static constructor.
RoslynAnalysisRunner will not be running.
RoslynAnalysisRunner has terminated.
Mono: successfully reloaded assembly
- Completed reload, in  0.912 seconds
Platform modules already initialized, skipping
========================================================================
Worker process is ready to serve import requests
Launched and connected shader compiler UnityShaderCompiler.exe after 0.05 seconds
Refreshing native plugins compatible for Editor in 0.30 ms, found 1 plugins.
Preloading 0 native plugins for Editor in 0.00 ms.
Unloading 1809 Unused Serialized files (Serialized files now loaded: 0)
System memory in use before: 84.6 MB.
System memory in use after: 84.6 MB.

Unloading 24 unused Assets to reduce memory usage. Loaded Objects now: 2251.
Total: 4.116400 ms (FindLiveObjects: 0.522500 ms CreateObjectMapping: 0.148400 ms MarkObjects: 3.247600 ms  DeleteObjects: 0.194300 ms)

========================================================================
Received Import Request.
  path: Assets/NegativeSpace-draft1.mp3
  artifactKey: Guid(8ba3f58d1060a8a49802b75a38b1a0ba) Importer(815301076,1909f56bfc062723c751e8b465ee728b)
Start importing Assets/NegativeSpace-draft1.mp3 using Guid(8ba3f58d1060a8a49802b75a38b1a0ba) Importer(815301076,1909f56bfc062723c751e8b465ee728b)  -> (artifact id: 'fae38a6aa987bbd7acfcf060a0da432c') in 0.091861 seconds
  Import took 0.095200 seconds .

========================================================================
Received Import Request.
  Time since last request: 6077.589385 seconds.
  path: Assets/Art Assets
  artifactKey: Guid(777ef85718d935a44aff0d7803d3d7a1) Importer(815301076,1909f56bfc062723c751e8b465ee728b)
Start importing Assets/Art Assets using Guid(777ef85718d935a44aff0d7803d3d7a1) Importer(815301076,1909f56bfc062723c751e8b465ee728b)  -> (artifact id: '5a88fd8b954c9d10c0f44517e2021343') in 0.009821 seconds
  Import took 0.016696 seconds .

========================================================================
Received Import Request.
  Time since last request: 7.502250 seconds.
  path: Assets/Art Assets/Left Notes
  artifactKey: Guid(bfe89149248daf64cadff00da1813acf) Importer(815301076,1909f56bfc062723c751e8b465ee728b)
Start importing Assets/Art Assets/Left Notes using Guid(bfe89149248daf64cadff00da1813acf) Importer(815301076,1909f56bfc062723c751e8b465ee728b)  -> (artifact id: 'da597b10e32cfa7f21651077969cd0a7') in 0.008324 seconds
  Import took 0.011114 seconds .

========================================================================
Received Import Request.
  Time since last request: 0.000461 seconds.
  path: Assets/Art Assets/Left Notes
  artifactKey: Guid(bfe89149248daf64cadff00da1813acf) Importer(815301076,1909f56bfc062723c751e8b465ee728b)
Start importing Assets/Art Assets/Left Notes using Guid(bfe89149248daf64cadff00da1813acf) Importer(815301076,1909f56bfc062723c751e8b465ee728b)  -> (artifact id: 'da597b10e32cfa7f21651077969cd0a7') in 0.002222 seconds
  Import took 0.004954 seconds .

========================================================================
Received Import Request.
  Time since last request: 263.916855 seconds.
  path: Assets/Art Assets/Right Notes
  artifactKey: Guid(fa86b113d0e8870449ae74c9bd30c2b0) Importer(815301076,1909f56bfc062723c751e8b465ee728b)
Start importing Assets/Art Assets/Right Notes using Guid(fa86b113d0e8870449ae74c9bd30c2b0) Importer(815301076,1909f56bfc062723c751e8b465ee728b)  -> (artifact id: 'a3931080b71d4ac064de0f61d8bd7f5f') in 0.006928 seconds
  Import took 0.010161 seconds .

========================================================================
Received Import Request.
  Time since last request: 0.000539 seconds.
  path: Assets/Art Assets/Right Notes
  artifactKey: Guid(fa86b113d0e8870449ae74c9bd30c2b0) Importer(815301076,1909f56bfc062723c751e8b465ee728b)
Start importing Assets/Art Assets/Right Notes using Guid(fa86b113d0e8870449ae74c9bd30c2b0) Importer(815301076,1909f56bfc062723c751e8b465ee728b)  -> (artifact id: 'a3931080b71d4ac064de0f61d8bd7f5f') in 0.002292 seconds
  Import took 0.005238 seconds .

========================================================================
Received Import Request.
  Time since last request: 78.869730 seconds.
  path: Assets/Art Assets/Left Notes/left_1.png
  artifactKey: Guid(ea6fc469d6c9598418607be635637619) Importer(815301076,1909f56bfc062723c751e8b465ee728b)
Start importing Assets/Art Assets/Left Notes/left_1.png using Guid(ea6fc469d6c9598418607be635637619) Importer(815301076,1909f56bfc062723c751e8b465ee728b)  -> (artifact id: '1214c2f42d739ff992af60506415883e') in 0.128903 seconds
  Import took 0.131975 seconds .

========================================================================
Received Import Request.
  Time since last request: 0.000290 seconds.
  path: Assets/Art Assets/Left Notes/left_5.png
  artifactKey: Guid(e1f3c60a9fd589e4f8af2915683b68db) Importer(815301076,1909f56bfc062723c751e8b465ee728b)
Start importing Assets/Art Assets/Left Notes/left_5.png using Guid(e1f3c60a9fd589e4f8af2915683b68db) Importer(815301076,1909f56bfc062723c751e8b465ee728b)  -> (artifact id: 'ccedcbcba9fa7e24abba61b78f4f4b05') in 0.012691 seconds
  Import took 0.015516 seconds .

========================================================================
Received Import Request.
  Time since last request: 0.000270 seconds.
  path: Assets/Art Assets/Left Notes/left_2.png
  artifactKey: Guid(1f71d1f95bd00c6448fea82489561b57) Importer(815301076,1909f56bfc062723c751e8b465ee728b)
Start importing Assets/Art Assets/Left Notes/left_2.png using Guid(1f71d1f95bd00c6448fea82489561b57) Importer(815301076,1909f56bfc062723c751e8b465ee728b)  -> (artifact id: '9014fa48c90e987df25be3799a617bbe') in 0.011740 seconds
  Import took 0.014274 seconds .

========================================================================
Received Import Request.
  Time since last request: 0.000224 seconds.
  path: Assets/Art Assets/Left Notes/left_5.png
  artifactKey: Guid(e1f3c60a9fd589e4f8af2915683b68db) Importer(815301076,1909f56bfc062723c751e8b465ee728b)
Start importing Assets/Art Assets/Left Notes/left_5.png using Guid(e1f3c60a9fd589e4f8af2915683b68db) Importer(815301076,1909f56bfc062723c751e8b465ee728b)  -> (artifact id: 'ccedcbcba9fa7e24abba61b78f4f4b05') in 0.014663 seconds
  Import took 0.017269 seconds .

========================================================================
Received Import Request.
  Time since last request: 0.000238 seconds.
  path: Assets/Art Assets/Left Notes/Left_note_outline.png
  artifactKey: Guid(7255c8b8281972040b6ba398871e5d28) Importer(815301076,1909f56bfc062723c751e8b465ee728b)
Start importing Assets/Art Assets/Left Notes/Left_note_outline.png using Guid(7255c8b8281972040b6ba398871e5d28) Importer(815301076,1909f56bfc062723c751e8b465ee728b)  -> (artifact id: '8cf29d22abff65a7f55c3b61e1913572') in 0.011999 seconds
  Import took 0.015750 seconds .

========================================================================
Received Import Request.
  Time since last request: 0.000257 seconds.
  path: Assets/Art Assets/Left Notes/left_3.png
  artifactKey: Guid(176c5f7848692e645852062455047cd4) Importer(815301076,1909f56bfc062723c751e8b465ee728b)
Start importing Assets/Art Assets/Left Notes/left_3.png using Guid(176c5f7848692e645852062455047cd4) Importer(815301076,1909f56bfc062723c751e8b465ee728b)  -> (artifact id: '1854e530a156bba571e58140accf7dd1') in 0.013909 seconds
  Import took 0.016491 seconds .

========================================================================
Received Import Request.
  Time since last request: 0.000330 seconds.
  path: Assets/Art Assets/Left Notes/left_4.png
  artifactKey: Guid(50284af18aea9a4469ad9caefbd7684f) Importer(815301076,1909f56bfc062723c751e8b465ee728b)
Start importing Assets/Art Assets/Left Notes/left_4.png using Guid(50284af18aea9a4469ad9caefbd7684f) Importer(815301076,1909f56bfc062723c751e8b465ee728b)  -> (artifact id: 'd3458fb8f929ca881686eab8831d42e8') in 0.013548 seconds
  Import took 0.016256 seconds .

========================================================================
Received Import Request.
  Time since last request: 82.904947 seconds.
  path: Assets/Art Assets/Right Notes/left_5.png
  artifactKey: Guid(75c51c63c1c595147a2bb3e410f3fec8) Importer(815301076,1909f56bfc062723c751e8b465ee728b)
Start importing Assets/Art Assets/Right Notes/left_5.png using Guid(75c51c63c1c595147a2bb3e410f3fec8) Importer(815301076,1909f56bfc062723c751e8b465ee728b)  -> (artifact id: '17c09f3d0438efbc291f203229a2e011') in 0.013285 seconds
  Import took 0.017157 seconds .

========================================================================
Received Import Request.
  Time since last request: 0.000206 seconds.
  path: Assets/Art Assets/Right Notes/right_2.png
  artifactKey: Guid(0bda7e50b270e5a4c8f10368e975f5a7) Importer(815301076,1909f56bfc062723c751e8b465ee728b)
Start importing Assets/Art Assets/Right Notes/right_2.png using Guid(0bda7e50b270e5a4c8f10368e975f5a7) Importer(815301076,1909f56bfc062723c751e8b465ee728b)  -> (artifact id: '1ca9b5fa9c748e888e949eba8febf52a') in 0.013109 seconds
  Import took 0.015689 seconds .

========================================================================
Received Import Request.
  Time since last request: 0.000214 seconds.
  path: Assets/Art Assets/Right Notes/right_1.png
  artifactKey: Guid(4c129e14b920d634fbc3bdfaeebba138) Importer(815301076,1909f56bfc062723c751e8b465ee728b)
Start importing Assets/Art Assets/Right Notes/right_1.png using Guid(4c129e14b920d634fbc3bdfaeebba138) Importer(815301076,1909f56bfc062723c751e8b465ee728b)  -> (artifact id: 'efa1a996fe15979a090871e67895ddd7') in 0.016458 seconds
  Import took 0.021634 seconds .

========================================================================
Received Import Request.
  Time since last request: 0.000242 seconds.
  path: Assets/Art Assets/Right Notes/right_3.png
  artifactKey: Guid(faabd28a33a01c642acdadff43d57224) Importer(815301076,1909f56bfc062723c751e8b465ee728b)
Start importing Assets/Art Assets/Right Notes/right_3.png using Guid(faabd28a33a01c642acdadff43d57224) Importer(815301076,1909f56bfc062723c751e8b465ee728b)  -> (artifact id: '2579462ebca9f0c990a7df5525b4c4f8') in 0.014561 seconds
  Import took 0.017802 seconds .

========================================================================
Received Import Request.
  Time since last request: 0.000205 seconds.
  path: Assets/Art Assets/Right Notes/right_note_outline.png
  artifactKey: Guid(534f648c8930e984e93e9a22abe86d35) Importer(815301076,1909f56bfc062723c751e8b465ee728b)
Start importing Assets/Art Assets/Right Notes/right_note_outline.png using Guid(534f648c8930e984e93e9a22abe86d35) Importer(815301076,1909f56bfc062723c751e8b465ee728b)  -> (artifact id: '8d25ba343ad6faf33c01d109d1c37b88') in 0.015287 seconds
  Import took 0.018270 seconds .

========================================================================
Received Import Request.
  Time since last request: 0.000247 seconds.
  path: Assets/Art Assets/Right Notes/right_4.png
  artifactKey: Guid(b9d7cf448fbd72c438c716d819731cf2) Importer(815301076,1909f56bfc062723c751e8b465ee728b)
Start importing Assets/Art Assets/Right Notes/right_4.png using Guid(b9d7cf448fbd72c438c716d819731cf2) Importer(815301076,1909f56bfc062723c751e8b465ee728b)  -> (artifact id: 'a3dbe2cfa190c5574ea14a862fefbc93') in 0.014372 seconds
  Import took 0.016946 seconds .

========================================================================
Received Import Request.
  Time since last request: 0.003215 seconds.
  path: Assets/Art Assets/Right Notes/right_4.png
  artifactKey: Guid(b9d7cf448fbd72c438c716d819731cf2) Importer(815301076,1909f56bfc062723c751e8b465ee728b)
Start importing Assets/Art Assets/Right Notes/right_4.png using Guid(b9d7cf448fbd72c438c716d819731cf2) Importer(815301076,1909f56bfc062723c751e8b465ee728b)  -> (artifact id: 'a3dbe2cfa190c5574ea14a862fefbc93') in 0.013840 seconds
  Import took 0.016619 seconds .

========================================================================
Received Import Request.
  Time since last request: 10740.213060 seconds.
  path: Assets/Scripts/GameManager.cs
  artifactKey: Guid(be80eaf28c4df4a44af3b5661e04d84c) Importer(815301076,1909f56bfc062723c751e8b465ee728b)
Start importing Assets/Scripts/GameManager.cs using Guid(be80eaf28c4df4a44af3b5661e04d84c) Importer(815301076,1909f56bfc062723c751e8b465ee728b)  -> (artifact id: '01951a5f74cbede77f95ff98241c25ef') in 0.022762 seconds
  Import took 0.046721 seconds .

========================================================================
Received Prepare
Registering precompiled user dll's ...
Registered in 0.001053 seconds.
Begin MonoManager ReloadAssembly
Native extension for WindowsStandalone target not found
Native extension for WebGL target not found
Refreshing native plugins compatible for Editor in 0.32 ms, found 1 plugins.
Preloading 0 native plugins for Editor in 0.00 ms.
Invoked RoslynAnalysisRunner static constructor.
RoslynAnalysisRunner will not be running.
RoslynAnalysisRunner has terminated.
Mono: successfully reloaded assembly
- Completed reload, in  0.919 seconds
Platform modules already initialized, skipping
Refreshing native plugins compatible for Editor in 0.40 ms, found 1 plugins.
Preloading 0 native plugins for Editor in 0.00 ms.
Unloading 1805 Unused Serialized files (Serialized files now loaded: 0)
System memory in use before: 87.8 MB.
System memory in use after: 87.8 MB.

Unloading 12 unused Assets to reduce memory usage. Loaded Objects now: 2268.
Total: 1.869900 ms (FindLiveObjects: 0.163800 ms CreateObjectMapping: 0.059000 ms MarkObjects: 1.530500 ms  DeleteObjects: 0.115500 ms)

========================================================================
Received Prepare
Registering precompiled user dll's ...
Registered in 0.001811 seconds.
Begin MonoManager ReloadAssembly
Native extension for WindowsStandalone target not found
Native extension for WebGL target not found
Refreshing native plugins compatible for Editor in 0.33 ms, found 1 plugins.
Preloading 0 native plugins for Editor in 0.00 ms.
Invoked RoslynAnalysisRunner static constructor.
RoslynAnalysisRunner will not be running.
RoslynAnalysisRunner has terminated.
Mono: successfully reloaded assembly
- Completed reload, in  0.764 seconds
Platform modules already initialized, skipping
Refreshing native plugins compatible for Editor in 0.33 ms, found 1 plugins.
Preloading 0 native plugins for Editor in 0.00 ms.
Unloading 1805 Unused Serialized files (Serialized files now loaded: 0)
System memory in use before: 87.8 MB.
System memory in use after: 87.8 MB.

Unloading 12 unused Assets to reduce memory usage. Loaded Objects now: 2272.
Total: 1.921300 ms (FindLiveObjects: 0.169500 ms CreateObjectMapping: 0.059000 ms MarkObjects: 1.588700 ms  DeleteObjects: 0.102900 ms)

========================================================================
Received Import Request.
  Time since last request: 189.368577 seconds.
  path: Assets/Rhythm Game Tutorial/Music/GamesPlusJames - Rhythm Tutorial (extended).wav
  artifactKey: Guid(57ae641b652a9d44e8ab28ae2d67392b) Importer(815301076,1909f56bfc062723c751e8b465ee728b)
Start importing Assets/Rhythm Game Tutorial/Music/GamesPlusJames - Rhythm Tutorial (extended).wav using Guid(57ae641b652a9d44e8ab28ae2d67392b) Importer(815301076,1909f56bfc062723c751e8b465ee728b)  -> (artifact id: '909693b79dc0cb6f150e6829ca5143fc') in 0.059911 seconds
  Import took 0.062726 seconds .

========================================================================
Received Import Request.
  Time since last request: 0.000260 seconds.
  path: Assets/Rhythm Game Tutorial/Music/GamesPlusJames - Rhythm Tutorial.wav
  artifactKey: Guid(e3903f052f6e1c84385cd598b244e788) Importer(815301076,1909f56bfc062723c751e8b465ee728b)
Start importing Assets/Rhythm Game Tutorial/Music/GamesPlusJames - Rhythm Tutorial.wav using Guid(e3903f052f6e1c84385cd598b244e788) Importer(815301076,1909f56bfc062723c751e8b465ee728b)  -> (artifact id: '15f4a374619186b71a7676bc3525ee60') in 0.016126 seconds
  Import took 0.018594 seconds .

========================================================================
Received Prepare
Registering precompiled user dll's ...
Registered in 0.000962 seconds.
Begin MonoManager ReloadAssembly
Native extension for WindowsStandalone target not found
Native extension for WebGL target not found
Refreshing native plugins compatible for Editor in 0.49 ms, found 1 plugins.
Preloading 0 native plugins for Editor in 0.00 ms.
Invoked RoslynAnalysisRunner static constructor.
RoslynAnalysisRunner will not be running.
RoslynAnalysisRunner has terminated.
Mono: successfully reloaded assembly
- Completed reload, in  0.759 seconds
Platform modules already initialized, skipping
Refreshing native plugins compatible for Editor in 0.31 ms, found 1 plugins.
Preloading 0 native plugins for Editor in 0.00 ms.
Unloading 1805 Unused Serialized files (Serialized files now loaded: 0)
System memory in use before: 87.8 MB.
System memory in use after: 87.8 MB.

Unloading 12 unused Assets to reduce memory usage. Loaded Objects now: 2277.
Total: 1.999400 ms (FindLiveObjects: 0.190400 ms CreateObjectMapping: 0.062500 ms MarkObjects: 1.648700 ms  DeleteObjects: 0.096600 ms)

========================================================================
Received Prepare
Registering precompiled user dll's ...
Registered in 0.000924 seconds.
Begin MonoManager ReloadAssembly
Native extension for WindowsStandalone target not found
Native extension for WebGL target not found
Refreshing native plugins compatible for Editor in 0.31 ms, found 1 plugins.
Preloading 0 native plugins for Editor in 0.00 ms.
Invoked RoslynAnalysisRunner static constructor.
RoslynAnalysisRunner will not be running.
RoslynAnalysisRunner has terminated.
Mono: successfully reloaded assembly
- Completed reload, in  0.743 seconds
Platform modules already initialized, skipping
Refreshing native plugins compatible for Editor in 0.32 ms, found 1 plugins.
Preloading 0 native plugins for Editor in 0.00 ms.
Unloading 1805 Unused Serialized files (Serialized files now loaded: 0)
System memory in use before: 87.8 MB.
System memory in use after: 87.8 MB.

Unloading 12 unused Assets to reduce memory usage. Loaded Objects now: 2281.
Total: 2.189300 ms (FindLiveObjects: 0.222800 ms CreateObjectMapping: 0.066400 ms MarkObjects: 1.793800 ms  DeleteObjects: 0.104900 ms)

========================================================================
Received Import Request.
  Time since last request: 532.665371 seconds.
  path: Assets/Sprites
  artifactKey: Guid(2faddb9aed42f2a4ea8ccbffe7775941) Importer(815301076,1909f56bfc062723c751e8b465ee728b)
Start importing Assets/Sprites using Guid(2faddb9aed42f2a4ea8ccbffe7775941) Importer(815301076,1909f56bfc062723c751e8b465ee728b)  -> (artifact id: 'cc6d4657a106fa73731832e06f718684') in 0.008421 seconds
  Import took 0.011457 seconds .

========================================================================
Received Import Request.
  Time since last request: 26.463365 seconds.
  path: Assets/Sprites/spritesheet.png
  artifactKey: Guid(1da2ebffb6d239c4ea9420f62163aaeb) Importer(815301076,1909f56bfc062723c751e8b465ee728b)
Start importing Assets/Sprites/spritesheet.png using Guid(1da2ebffb6d239c4ea9420f62163aaeb) Importer(815301076,1909f56bfc062723c751e8b465ee728b)  -> (artifact id: 'e3216db8a87f00be0ce5ee76964ed553') in 0.086624 seconds
  Import took 0.089545 seconds .

========================================================================
Received Import Request.
  Time since last request: 10.978294 seconds.
  path: Assets/Sprites/spritesheet.png
  artifactKey: Guid(1da2ebffb6d239c4ea9420f62163aaeb) Importer(815301076,1909f56bfc062723c751e8b465ee728b)
Start importing Assets/Sprites/spritesheet.png using Guid(1da2ebffb6d239c4ea9420f62163aaeb) Importer(815301076,1909f56bfc062723c751e8b465ee728b)  -> (artifact id: '4f44fb0256c58bd24d7758c9448f6e3d') in 0.026087 seconds
  Import took 0.028756 seconds .

========================================================================
Received Import Request.
  Time since last request: 28.220353 seconds.
  path: Assets/Sprites/spritesheet.png
  artifactKey: Guid(1da2ebffb6d239c4ea9420f62163aaeb) Importer(815301076,1909f56bfc062723c751e8b465ee728b)
Start importing Assets/Sprites/spritesheet.png using Guid(1da2ebffb6d239c4ea9420f62163aaeb) Importer(815301076,1909f56bfc062723c751e8b465ee728b)  -> (artifact id: 'dd016fe254509e79767c22de955d1a74') in 0.050357 seconds
  Import took 0.053055 seconds .

========================================================================
Received Prepare
Registering precompiled user dll's ...
Registered in 0.000967 seconds.
Begin MonoManager ReloadAssembly
Native extension for WindowsStandalone target not found
Native extension for WebGL target not found
Refreshing native plugins compatible for Editor in 0.40 ms, found 1 plugins.
Preloading 0 native plugins for Editor in 0.00 ms.
Invoked RoslynAnalysisRunner static constructor.
RoslynAnalysisRunner will not be running.
RoslynAnalysisRunner has terminated.
Mono: successfully reloaded assembly
- Completed reload, in  0.763 seconds
Platform modules already initialized, skipping
Refreshing native plugins compatible for Editor in 0.49 ms, found 1 plugins.
Preloading 0 native plugins for Editor in 0.00 ms.
Unloading 1805 Unused Serialized files (Serialized files now loaded: 0)
System memory in use before: 87.9 MB.
System memory in use after: 87.9 MB.

Unloading 12 unused Assets to reduce memory usage. Loaded Objects now: 2306.
Total: 2.021300 ms (FindLiveObjects: 0.207100 ms CreateObjectMapping: 0.062700 ms MarkObjects: 1.641800 ms  DeleteObjects: 0.108700 ms)

========================================================================
Received Import Request.
  Time since last request: 312.293553 seconds.
  path: Assets/Sprites/WhiteCat.png
  artifactKey: Guid(24f5dca199291984eba51297766cbc40) Importer(815301076,1909f56bfc062723c751e8b465ee728b)
Start importing Assets/Sprites/WhiteCat.png using Guid(24f5dca199291984eba51297766cbc40) Importer(815301076,1909f56bfc062723c751e8b465ee728b)  -> (artifact id: '791b09f0f6ef6e4822dba1e703f02b36') in 0.048654 seconds
  Import took 0.051633 seconds .

========================================================================
Received Prepare
Registering precompiled user dll's ...
Registered in 0.000956 seconds.
Begin MonoManager ReloadAssembly
Native extension for WindowsStandalone target not found
Native extension for WebGL target not found
Refreshing native plugins compatible for Editor in 0.37 ms, found 1 plugins.
Preloading 0 native plugins for Editor in 0.00 ms.
Invoked RoslynAnalysisRunner static constructor.
RoslynAnalysisRunner will not be running.
RoslynAnalysisRunner has terminated.
Mono: successfully reloaded assembly
- Completed reload, in  0.759 seconds
Platform modules already initialized, skipping
Refreshing native plugins compatible for Editor in 0.31 ms, found 1 plugins.
Preloading 0 native plugins for Editor in 0.00 ms.
Unloading 1805 Unused Serialized files (Serialized files now loaded: 0)
System memory in use before: 87.9 MB.
System memory in use after: 87.9 MB.

Unloading 12 unused Assets to reduce memory usage. Loaded Objects now: 2312.
Total: 2.743000 ms (FindLiveObjects: 0.288200 ms CreateObjectMapping: 0.080600 ms MarkObjects: 2.206400 ms  DeleteObjects: 0.166600 ms)

========================================================================
Received Prepare
Registering precompiled user dll's ...
Registered in 0.000927 seconds.
Begin MonoManager ReloadAssembly
Native extension for WindowsStandalone target not found
Native extension for WebGL target not found
Refreshing native plugins compatible for Editor in 0.41 ms, found 1 plugins.
Preloading 0 native plugins for Editor in 0.00 ms.
Invoked RoslynAnalysisRunner static constructor.
RoslynAnalysisRunner will not be running.
RoslynAnalysisRunner has terminated.
Mono: successfully reloaded assembly
- Completed reload, in  0.855 seconds
Platform modules already initialized, skipping
Refreshing native plugins compatible for Editor in 0.62 ms, found 1 plugins.
Preloading 0 native plugins for Editor in 0.00 ms.
Unloading 1805 Unused Serialized files (Serialized files now loaded: 0)
System memory in use before: 87.9 MB.
System memory in use after: 87.9 MB.

Unloading 12 unused Assets to reduce memory usage. Loaded Objects now: 2316.
Total: 2.307300 ms (FindLiveObjects: 0.217900 ms CreateObjectMapping: 0.077100 ms MarkObjects: 1.895200 ms  DeleteObjects: 0.115800 ms)

========================================================================
Received Prepare
Registering precompiled user dll's ...
Registered in 0.001199 seconds.
Begin MonoManager ReloadAssembly
Native extension for WindowsStandalone target not found
Native extension for WebGL target not found
Refreshing native plugins compatible for Editor in 0.34 ms, found 1 plugins.
Preloading 0 native plugins for Editor in 0.00 ms.
Invoked RoslynAnalysisRunner static constructor.
RoslynAnalysisRunner will not be running.
RoslynAnalysisRunner has terminated.
Mono: successfully reloaded assembly
- Completed reload, in  0.971 seconds
Platform modules already initialized, skipping
Refreshing native plugins compatible for Editor in 0.36 ms, found 1 plugins.
Preloading 0 native plugins for Editor in 0.00 ms.
Unloading 1805 Unused Serialized files (Serialized files now loaded: 0)
System memory in use before: 87.9 MB.
System memory in use after: 87.9 MB.

Unloading 12 unused Assets to reduce memory usage. Loaded Objects now: 2320.
Total: 2.533400 ms (FindLiveObjects: 0.443700 ms CreateObjectMapping: 0.151700 ms MarkObjects: 1.831800 ms  DeleteObjects: 0.104800 ms)

========================================================================
Received Prepare
Registering precompiled user dll's ...
Registered in 0.001055 seconds.
Begin MonoManager ReloadAssembly
Native extension for WindowsStandalone target not found
Native extension for WebGL target not found
Refreshing native plugins compatible for Editor in 0.31 ms, found 1 plugins.
Preloading 0 native plugins for Editor in 0.00 ms.
Invoked RoslynAnalysisRunner static constructor.
RoslynAnalysisRunner will not be running.
RoslynAnalysisRunner has terminated.
Mono: successfully reloaded assembly
- Completed reload, in  0.765 seconds
Platform modules already initialized, skipping
Refreshing native plugins compatible for Editor in 0.31 ms, found 1 plugins.
Preloading 0 native plugins for Editor in 0.00 ms.
Unloading 1805 Unused Serialized files (Serialized files now loaded: 0)
System memory in use before: 88.0 MB.
System memory in use after: 87.9 MB.

Unloading 12 unused Assets to reduce memory usage. Loaded Objects now: 2324.
Total: 2.149000 ms (FindLiveObjects: 0.178200 ms CreateObjectMapping: 0.060100 ms MarkObjects: 1.805800 ms  DeleteObjects: 0.103800 ms)

========================================================================
Received Prepare
Registering precompiled user dll's ...
Registered in 0.000976 seconds.
Begin MonoManager ReloadAssembly
Native extension for WindowsStandalone target not found
Native extension for WebGL target not found
Refreshing native plugins compatible for Editor in 0.31 ms, found 1 plugins.
Preloading 0 native plugins for Editor in 0.00 ms.
Invoked RoslynAnalysisRunner static constructor.
RoslynAnalysisRunner will not be running.
RoslynAnalysisRunner has terminated.
Mono: successfully reloaded assembly
- Completed reload, in  0.792 seconds
Platform modules already initialized, skipping
Refreshing native plugins compatible for Editor in 0.31 ms, found 1 plugins.
Preloading 0 native plugins for Editor in 0.00 ms.
Unloading 1805 Unused Serialized files (Serialized files now loaded: 0)
System memory in use before: 88.0 MB.
System memory in use after: 88.0 MB.

Unloading 12 unused Assets to reduce memory usage. Loaded Objects now: 2328.
Total: 2.387100 ms (FindLiveObjects: 0.314300 ms CreateObjectMapping: 0.079200 ms MarkObjects: 1.882100 ms  DeleteObjects: 0.108900 ms)

========================================================================
Received Prepare
Registering precompiled user dll's ...
Registered in 0.001003 seconds.
Begin MonoManager ReloadAssembly
Native extension for WindowsStandalone target not found
Native extension for WebGL target not found
Refreshing native plugins compatible for Editor in 0.31 ms, found 1 plugins.
Preloading 0 native plugins for Editor in 0.00 ms.
Invoked RoslynAnalysisRunner static constructor.
RoslynAnalysisRunner will not be running.
RoslynAnalysisRunner has terminated.
Mono: successfully reloaded assembly
- Completed reload, in  0.806 seconds
Platform modules already initialized, skipping
Refreshing native plugins compatible for Editor in 0.32 ms, found 1 plugins.
Preloading 0 native plugins for Editor in 0.00 ms.
Unloading 1805 Unused Serialized files (Serialized files now loaded: 0)
System memory in use before: 88.0 MB.
System memory in use after: 88.0 MB.

Unloading 12 unused Assets to reduce memory usage. Loaded Objects now: 2332.
Total: 2.166600 ms (FindLiveObjects: 0.180400 ms CreateObjectMapping: 0.062700 ms MarkObjects: 1.820500 ms  DeleteObjects: 0.101900 ms)

========================================================================
Received Prepare
Registering precompiled user dll's ...
Registered in 0.001126 seconds.
Begin MonoManager ReloadAssembly
Native extension for WindowsStandalone target not found
Native extension for WebGL target not found
Refreshing native plugins compatible for Editor in 0.49 ms, found 1 plugins.
Preloading 0 native plugins for Editor in 0.00 ms.
Invoked RoslynAnalysisRunner static constructor.
RoslynAnalysisRunner will not be running.
RoslynAnalysisRunner has terminated.
Mono: successfully reloaded assembly
- Completed reload, in  0.771 seconds
Platform modules already initialized, skipping
Refreshing native plugins compatible for Editor in 0.31 ms, found 1 plugins.
Preloading 0 native plugins for Editor in 0.00 ms.
Unloading 1805 Unused Serialized files (Serialized files now loaded: 0)
System memory in use before: 88.0 MB.
System memory in use after: 88.0 MB.

Unloading 12 unused Assets to reduce memory usage. Loaded Objects now: 2336.
Total: 1.963800 ms (FindLiveObjects: 0.230200 ms CreateObjectMapping: 0.075900 ms MarkObjects: 1.537500 ms  DeleteObjects: 0.118900 ms)

========================================================================
Received Prepare
Registering precompiled user dll's ...
Registered in 0.000985 seconds.
Begin MonoManager ReloadAssembly
Native extension for WindowsStandalone target not found
Native extension for WebGL target not found
Refreshing native plugins compatible for Editor in 0.35 ms, found 1 plugins.
Preloading 0 native plugins for Editor in 0.00 ms.
Invoked RoslynAnalysisRunner static constructor.
RoslynAnalysisRunner will not be running.
RoslynAnalysisRunner has terminated.
Mono: successfully reloaded assembly
- Completed reload, in  0.793 seconds
Platform modules already initialized, skipping
Refreshing native plugins compatible for Editor in 0.31 ms, found 1 plugins.
Preloading 0 native plugins for Editor in 0.00 ms.
Unloading 1805 Unused Serialized files (Serialized files now loaded: 0)
System memory in use before: 88.0 MB.
System memory in use after: 88.0 MB.

Unloading 12 unused Assets to reduce memory usage. Loaded Objects now: 2340.
Total: 2.239800 ms (FindLiveObjects: 0.367900 ms CreateObjectMapping: 0.084900 ms MarkObjects: 1.686800 ms  DeleteObjects: 0.098500 ms)

========================================================================
Received Prepare
Registering precompiled user dll's ...
Registered in 0.000923 seconds.
Begin MonoManager ReloadAssembly
Native extension for WindowsStandalone target not found
Native extension for WebGL target not found
Refreshing native plugins compatible for Editor in 0.37 ms, found 1 plugins.
Preloading 0 native plugins for Editor in 0.00 ms.
Invoked RoslynAnalysisRunner static constructor.
RoslynAnalysisRunner will not be running.
RoslynAnalysisRunner has terminated.
Mono: successfully reloaded assembly
- Completed reload, in  0.817 seconds
Platform modules already initialized, skipping
Refreshing native plugins compatible for Editor in 0.31 ms, found 1 plugins.
Preloading 0 native plugins for Editor in 0.00 ms.
Unloading 1805 Unused Serialized files (Serialized files now loaded: 0)
System memory in use before: 88.0 MB.
System memory in use after: 88.0 MB.

Unloading 12 unused Assets to reduce memory usage. Loaded Objects now: 2344.
Total: 2.294900 ms (FindLiveObjects: 0.504000 ms CreateObjectMapping: 0.117700 ms MarkObjects: 1.562300 ms  DeleteObjects: 0.108800 ms)

========================================================================
Received Prepare
Registering precompiled user dll's ...
Registered in 0.000997 seconds.
Begin MonoManager ReloadAssembly
Native extension for WindowsStandalone target not found
Native extension for WebGL target not found
Refreshing native plugins compatible for Editor in 0.31 ms, found 1 plugins.
Preloading 0 native plugins for Editor in 0.00 ms.
Invoked RoslynAnalysisRunner static constructor.
RoslynAnalysisRunner will not be running.
RoslynAnalysisRunner has terminated.
Mono: successfully reloaded assembly
- Completed reload, in  0.753 seconds
Platform modules already initialized, skipping
Refreshing native plugins compatible for Editor in 0.31 ms, found 1 plugins.
Preloading 0 native plugins for Editor in 0.00 ms.
Unloading 1805 Unused Serialized files (Serialized files now loaded: 0)
System memory in use before: 88.0 MB.
System memory in use after: 88.0 MB.

Unloading 12 unused Assets to reduce memory usage. Loaded Objects now: 2348.
Total: 2.056600 ms (FindLiveObjects: 0.224800 ms CreateObjectMapping: 0.100300 ms MarkObjects: 1.630100 ms  DeleteObjects: 0.100300 ms)

========================================================================
Received Prepare
Registering precompiled user dll's ...
Registered in 0.000944 seconds.
Begin MonoManager ReloadAssembly
Native extension for WindowsStandalone target not found
Native extension for WebGL target not found
Refreshing native plugins compatible for Editor in 0.31 ms, found 1 plugins.
Preloading 0 native plugins for Editor in 0.00 ms.
Invoked RoslynAnalysisRunner static constructor.
RoslynAnalysisRunner will not be running.
RoslynAnalysisRunner has terminated.
Mono: successfully reloaded assembly
- Completed reload, in  0.747 seconds
Platform modules already initialized, skipping
Refreshing native plugins compatible for Editor in 0.31 ms, found 1 plugins.
Preloading 0 native plugins for Editor in 0.00 ms.
Unloading 1805 Unused Serialized files (Serialized files now loaded: 0)
System memory in use before: 88.0 MB.
System memory in use after: 88.0 MB.

Unloading 12 unused Assets to reduce memory usage. Loaded Objects now: 2352.
Total: 2.823300 ms (FindLiveObjects: 0.705100 ms CreateObjectMapping: 0.203000 ms MarkObjects: 1.810400 ms  DeleteObjects: 0.101600 ms)

========================================================================
Received Prepare
Registering precompiled user dll's ...
Registered in 0.000986 seconds.
Begin MonoManager ReloadAssembly
Native extension for WindowsStandalone target not found
Native extension for WebGL target not found
Refreshing native plugins compatible for Editor in 0.31 ms, found 1 plugins.
Preloading 0 native plugins for Editor in 0.00 ms.
Invoked RoslynAnalysisRunner static constructor.
RoslynAnalysisRunner will not be running.
RoslynAnalysisRunner has terminated.
Mono: successfully reloaded assembly
- Completed reload, in  0.755 seconds
Platform modules already initialized, skipping
Refreshing native plugins compatible for Editor in 0.30 ms, found 1 plugins.
Preloading 0 native plugins for Editor in 0.00 ms.
Unloading 1805 Unused Serialized files (Serialized files now loaded: 0)
System memory in use before: 88.0 MB.
System memory in use after: 88.0 MB.

Unloading 12 unused Assets to reduce memory usage. Loaded Objects now: 2356.
Total: 2.329300 ms (FindLiveObjects: 0.304500 ms CreateObjectMapping: 0.080500 ms MarkObjects: 1.835200 ms  DeleteObjects: 0.108300 ms)

========================================================================
Received Import Request.
  Time since last request: 6378.421456 seconds.
  path: Assets/PawNote.prefab
  artifactKey: Guid(ba52a9d0e0bd4824fb410ada27889ee9) Importer(815301076,1909f56bfc062723c751e8b465ee728b)
Start importing Assets/PawNote.prefab using Guid(ba52a9d0e0bd4824fb410ada27889ee9) Importer(815301076,1909f56bfc062723c751e8b465ee728b)  -> (artifact id: '167a08ed1b047e72d1269a1e6d1cb999') in 0.028979 seconds
  Import took 0.031999 seconds .

========================================================================
Received Import Request.
  Time since last request: 7.884901 seconds.
  path: Assets/PawNote.prefab
  artifactKey: Guid(ba52a9d0e0bd4824fb410ada27889ee9) Importer(815301076,1909f56bfc062723c751e8b465ee728b)
Start importing Assets/PawNote.prefab using Guid(ba52a9d0e0bd4824fb410ada27889ee9) Importer(815301076,1909f56bfc062723c751e8b465ee728b)  -> (artifact id: '0448782a95f4fedc9f4cf508511e144d') in 0.003708 seconds
  Import took 0.006674 seconds .

========================================================================
Received Import Request.
  Time since last request: 0.005056 seconds.
  path: Assets/PawNote.prefab
  artifactKey: Guid(ba52a9d0e0bd4824fb410ada27889ee9) Importer(815301076,1909f56bfc062723c751e8b465ee728b)
Start importing Assets/PawNote.prefab using Guid(ba52a9d0e0bd4824fb410ada27889ee9) Importer(815301076,1909f56bfc062723c751e8b465ee728b)  -> (artifact id: '0448782a95f4fedc9f4cf508511e144d') in 0.004562 seconds
  Import took 0.007531 seconds .

========================================================================
Received Import Request.
  Time since last request: 15.592838 seconds.
  path: Assets/PawNote.prefab
  artifactKey: Guid(ba52a9d0e0bd4824fb410ada27889ee9) Importer(815301076,1909f56bfc062723c751e8b465ee728b)
Start importing Assets/PawNote.prefab using Guid(ba52a9d0e0bd4824fb410ada27889ee9) Importer(815301076,1909f56bfc062723c751e8b465ee728b)  -> (artifact id: '3733541026ccaa1eef747e2428636ec8') in 0.004091 seconds
  Import took 0.006856 seconds .

========================================================================
Received Import Request.
  Time since last request: 135.946458 seconds.
  path: Assets/PawNote.prefab
  artifactKey: Guid(ba52a9d0e0bd4824fb410ada27889ee9) Importer(815301076,1909f56bfc062723c751e8b465ee728b)
Start importing Assets/PawNote.prefab using Guid(ba52a9d0e0bd4824fb410ada27889ee9) Importer(815301076,1909f56bfc062723c751e8b465ee728b)  -> (artifact id: '15b134ada15f82a0e3c0660ecbae39ca') in 0.005197 seconds
  Import took 0.008199 seconds .

========================================================================
Received Import Request.
  Time since last request: 76.843676 seconds.
  path: Assets/PawNote.prefab
  artifactKey: Guid(ba52a9d0e0bd4824fb410ada27889ee9) Importer(815301076,1909f56bfc062723c751e8b465ee728b)
Start importing Assets/PawNote.prefab using Guid(ba52a9d0e0bd4824fb410ada27889ee9) Importer(815301076,1909f56bfc062723c751e8b465ee728b)  -> (artifact id: '798bc8f65c0cf11d425d107223dd324a') in 0.004110 seconds
  Import took 0.007241 seconds .

========================================================================
Received Import Request.
  Time since last request: 22.650387 seconds.
  path: Assets/PawNote.prefab
  artifactKey: Guid(ba52a9d0e0bd4824fb410ada27889ee9) Importer(815301076,1909f56bfc062723c751e8b465ee728b)
Start importing Assets/PawNote.prefab using Guid(ba52a9d0e0bd4824fb410ada27889ee9) Importer(815301076,1909f56bfc062723c751e8b465ee728b)  -> (artifact id: 'e14818e2d404ef54402281f52154c5a7') in 0.044798 seconds
  Import took 0.047629 seconds .

========================================================================
Received Import Request.
  Time since last request: 29.049930 seconds.
  path: Assets/PawNote.prefab
  artifactKey: Guid(ba52a9d0e0bd4824fb410ada27889ee9) Importer(815301076,1909f56bfc062723c751e8b465ee728b)
Start importing Assets/PawNote.prefab using Guid(ba52a9d0e0bd4824fb410ada27889ee9) Importer(815301076,1909f56bfc062723c751e8b465ee728b)  -> (artifact id: '3483842922aeca74067f13cd6f270ff2') in 0.014074 seconds
  Import took 0.016859 seconds .

========================================================================
Received Import Request.
  Time since last request: 0.005855 seconds.
  path: Assets/PawNote.prefab
  artifactKey: Guid(ba52a9d0e0bd4824fb410ada27889ee9) Importer(815301076,1909f56bfc062723c751e8b465ee728b)
Start importing Assets/PawNote.prefab using Guid(ba52a9d0e0bd4824fb410ada27889ee9) Importer(815301076,1909f56bfc062723c751e8b465ee728b)  -> (artifact id: '3483842922aeca74067f13cd6f270ff2') in 0.015525 seconds
  Import took 0.018338 seconds .

========================================================================
Received Import Request.
  Time since last request: 191.249743 seconds.
  path: Assets/PawNote.prefab
  artifactKey: Guid(ba52a9d0e0bd4824fb410ada27889ee9) Importer(815301076,1909f56bfc062723c751e8b465ee728b)
Start importing Assets/PawNote.prefab using Guid(ba52a9d0e0bd4824fb410ada27889ee9) Importer(815301076,1909f56bfc062723c751e8b465ee728b)  -> (artifact id: 'a0fdebc2ebc6a4e7feb820fa7176acd9') in 0.011747 seconds
  Import took 0.014564 seconds .

========================================================================
Received Import Request.
  Time since last request: 2.606649 seconds.
  path: Assets/PawNote.prefab
  artifactKey: Guid(ba52a9d0e0bd4824fb410ada27889ee9) Importer(815301076,1909f56bfc062723c751e8b465ee728b)
Start importing Assets/PawNote.prefab using Guid(ba52a9d0e0bd4824fb410ada27889ee9) Importer(815301076,1909f56bfc062723c751e8b465ee728b)  -> (artifact id: '1c2eb3b2f5d919fb949aefeebe876981') in 0.011687 seconds
  Import took 0.014624 seconds .

========================================================================
Received Import Request.
  Time since last request: 2.593688 seconds.
  path: Assets/PawNote.prefab
  artifactKey: Guid(ba52a9d0e0bd4824fb410ada27889ee9) Importer(815301076,1909f56bfc062723c751e8b465ee728b)
Start importing Assets/PawNote.prefab using Guid(ba52a9d0e0bd4824fb410ada27889ee9) Importer(815301076,1909f56bfc062723c751e8b465ee728b)  -> (artifact id: 'e7c6672194788bcb5c412274cf1373cd') in 0.007417 seconds
  Import took 0.010697 seconds .

========================================================================
Received Import Request.
  Time since last request: 38.416890 seconds.
  path: Assets/PawNote.prefab
  artifactKey: Guid(ba52a9d0e0bd4824fb410ada27889ee9) Importer(815301076,1909f56bfc062723c751e8b465ee728b)
Start importing Assets/PawNote.prefab using Guid(ba52a9d0e0bd4824fb410ada27889ee9) Importer(815301076,1909f56bfc062723c751e8b465ee728b)  -> (artifact id: 'bf7b1c1c51834f4e9be1047105847f7f') in 0.007498 seconds
  Import took 0.010418 seconds .

========================================================================
Received Import Request.
  Time since last request: 0.010105 seconds.
  path: Assets/PawNote.prefab
  artifactKey: Guid(ba52a9d0e0bd4824fb410ada27889ee9) Importer(815301076,1909f56bfc062723c751e8b465ee728b)
Start importing Assets/PawNote.prefab using Guid(ba52a9d0e0bd4824fb410ada27889ee9) Importer(815301076,1909f56bfc062723c751e8b465ee728b)  -> (artifact id: 'bf7b1c1c51834f4e9be1047105847f7f') in 0.009814 seconds
  Import took 0.013131 seconds .

========================================================================
Received Import Request.
  Time since last request: 2.655247 seconds.
  path: Assets/PawNote.prefab
  artifactKey: Guid(ba52a9d0e0bd4824fb410ada27889ee9) Importer(815301076,1909f56bfc062723c751e8b465ee728b)
Start importing Assets/PawNote.prefab using Guid(ba52a9d0e0bd4824fb410ada27889ee9) Importer(815301076,1909f56bfc062723c751e8b465ee728b)  -> (artifact id: 'aa70b65f154ccb277f77b97d43cb36f5') in 0.007303 seconds
  Import took 0.010002 seconds .

========================================================================
Received Import Request.
  Time since last request: 0.006744 seconds.
  path: Assets/PawNote.prefab
  artifactKey: Guid(ba52a9d0e0bd4824fb410ada27889ee9) Importer(815301076,1909f56bfc062723c751e8b465ee728b)
Start importing Assets/PawNote.prefab using Guid(ba52a9d0e0bd4824fb410ada27889ee9) Importer(815301076,1909f56bfc062723c751e8b465ee728b)  -> (artifact id: 'aa70b65f154ccb277f77b97d43cb36f5') in 0.008220 seconds
  Import took 0.011088 seconds .

========================================================================
Received Import Request.
  Time since last request: 3.424520 seconds.
  path: Assets/PawNote.prefab
  artifactKey: Guid(ba52a9d0e0bd4824fb410ada27889ee9) Importer(815301076,1909f56bfc062723c751e8b465ee728b)
Start importing Assets/PawNote.prefab using Guid(ba52a9d0e0bd4824fb410ada27889ee9) Importer(815301076,1909f56bfc062723c751e8b465ee728b)  -> (artifact id: '6cecb7d99e8a8db49ef27428d640bbe5') in 0.007901 seconds
  Import took 0.010666 seconds .

========================================================================
Received Import Request.
  Time since last request: 0.006293 seconds.
  path: Assets/PawNote.prefab
  artifactKey: Guid(ba52a9d0e0bd4824fb410ada27889ee9) Importer(815301076,1909f56bfc062723c751e8b465ee728b)
Start importing Assets/PawNote.prefab using Guid(ba52a9d0e0bd4824fb410ada27889ee9) Importer(815301076,1909f56bfc062723c751e8b465ee728b)  -> (artifact id: '6cecb7d99e8a8db49ef27428d640bbe5') in 0.009293 seconds
  Import took 0.012268 seconds .

========================================================================
Received Import Request.
  Time since last request: 221.460969 seconds.
  path: Assets/Art Assets/Left Notes/left_2.png
  artifactKey: Guid(1f71d1f95bd00c6448fea82489561b57) Importer(815301076,1909f56bfc062723c751e8b465ee728b)
Start importing Assets/Art Assets/Left Notes/left_2.png using Guid(1f71d1f95bd00c6448fea82489561b57) Importer(815301076,1909f56bfc062723c751e8b465ee728b)  -> (artifact id: '7a840031ae883bfa3355b38b7da66aa0') in 0.029240 seconds
  Import took 0.032221 seconds .

========================================================================
Received Import Request.
  Time since last request: 0.000252 seconds.
  path: Assets/Art Assets/Left Notes/left_5.png
  artifactKey: Guid(e1f3c60a9fd589e4f8af2915683b68db) Importer(815301076,1909f56bfc062723c751e8b465ee728b)
Start importing Assets/Art Assets/Left Notes/left_5.png using Guid(e1f3c60a9fd589e4f8af2915683b68db) Importer(815301076,1909f56bfc062723c751e8b465ee728b)  -> (artifact id: 'c11906089b03bfb7232582652129e5cc') in 0.015465 seconds
  Import took 0.018623 seconds .

========================================================================
Received Import Request.
  Time since last request: 0.000293 seconds.
  path: Assets/Art Assets/Left Notes/left_1.png
  artifactKey: Guid(ea6fc469d6c9598418607be635637619) Importer(815301076,1909f56bfc062723c751e8b465ee728b)
Start importing Assets/Art Assets/Left Notes/left_1.png using Guid(ea6fc469d6c9598418607be635637619) Importer(815301076,1909f56bfc062723c751e8b465ee728b)  -> (artifact id: '0870e5547f6866b11feb401651b9e061') in 0.014542 seconds
  Import took 0.017377 seconds .

========================================================================
Received Import Request.
  Time since last request: 0.000295 seconds.
  path: Assets/Art Assets/Left Notes/Left_note_outline.png
  artifactKey: Guid(7255c8b8281972040b6ba398871e5d28) Importer(815301076,1909f56bfc062723c751e8b465ee728b)
Start importing Assets/Art Assets/Left Notes/Left_note_outline.png using Guid(7255c8b8281972040b6ba398871e5d28) Importer(815301076,1909f56bfc062723c751e8b465ee728b)  -> (artifact id: 'd4764de3843f76d9ab56e83c0f0826e9') in 0.011380 seconds
  Import took 0.014454 seconds .

========================================================================
Received Import Request.
  Time since last request: 0.000216 seconds.
  path: Assets/Art Assets/Left Notes/left_3.png
  artifactKey: Guid(176c5f7848692e645852062455047cd4) Importer(815301076,1909f56bfc062723c751e8b465ee728b)
Start importing Assets/Art Assets/Left Notes/left_3.png using Guid(176c5f7848692e645852062455047cd4) Importer(815301076,1909f56bfc062723c751e8b465ee728b)  -> (artifact id: '7e0aaaae6681d8ba9d8ea4e25e55772c') in 0.014173 seconds
  Import took 0.017677 seconds .

========================================================================
Received Import Request.
  Time since last request: 0.000287 seconds.
  path: Assets/Art Assets/Left Notes/left_4.png
  artifactKey: Guid(50284af18aea9a4469ad9caefbd7684f) Importer(815301076,1909f56bfc062723c751e8b465ee728b)
Start importing Assets/Art Assets/Left Notes/left_4.png using Guid(50284af18aea9a4469ad9caefbd7684f) Importer(815301076,1909f56bfc062723c751e8b465ee728b)  -> (artifact id: 'fd83bcc1f17aea878bcb3984b9356061') in 0.012584 seconds
  Import took 0.015461 seconds .

========================================================================
Received Import Request.
  Time since last request: 5.678324 seconds.
  path: Assets/Art Assets/Left Notes/left_2.png
  artifactKey: Guid(1f71d1f95bd00c6448fea82489561b57) Importer(815301076,1909f56bfc062723c751e8b465ee728b)
Start importing Assets/Art Assets/Left Notes/left_2.png using Guid(1f71d1f95bd00c6448fea82489561b57) Importer(815301076,1909f56bfc062723c751e8b465ee728b)  -> (artifact id: '92d2244fbb59a4c8a7c27bd30e3e561b') in 0.011351 seconds
  Import took 0.014160 seconds .

========================================================================
Received Import Request.
  Time since last request: 0.002361 seconds.
  path: Assets/Art Assets/Left Notes/left_1.png
  artifactKey: Guid(ea6fc469d6c9598418607be635637619) Importer(815301076,1909f56bfc062723c751e8b465ee728b)
Start importing Assets/Art Assets/Left Notes/left_1.png using Guid(ea6fc469d6c9598418607be635637619) Importer(815301076,1909f56bfc062723c751e8b465ee728b)  -> (artifact id: 'dac31d19e3f47bac637a705ae20c3a41') in 0.015884 seconds
  Import took 0.018767 seconds .

========================================================================
Received Import Request.
  Time since last request: 0.000261 seconds.
  path: Assets/Art Assets/Left Notes/left_5.png
  artifactKey: Guid(e1f3c60a9fd589e4f8af2915683b68db) Importer(815301076,1909f56bfc062723c751e8b465ee728b)
Start importing Assets/Art Assets/Left Notes/left_5.png using Guid(e1f3c60a9fd589e4f8af2915683b68db) Importer(815301076,1909f56bfc062723c751e8b465ee728b)  -> (artifact id: '2b98f3fd6468526ddd98648c924d74e1') in 0.013241 seconds
  Import took 0.015831 seconds .

========================================================================
Received Import Request.
  Time since last request: 0.000228 seconds.
  path: Assets/Art Assets/Left Notes/Left_note_outline.png
  artifactKey: Guid(7255c8b8281972040b6ba398871e5d28) Importer(815301076,1909f56bfc062723c751e8b465ee728b)
Start importing Assets/Art Assets/Left Notes/Left_note_outline.png using Guid(7255c8b8281972040b6ba398871e5d28) Importer(815301076,1909f56bfc062723c751e8b465ee728b)  -> (artifact id: '0896f2d22e6fc295b8dd85b873f644e7') in 0.012396 seconds
  Import took 0.014938 seconds .

========================================================================
Received Import Request.
  Time since last request: 0.000254 seconds.
  path: Assets/Art Assets/Left Notes/left_3.png
  artifactKey: Guid(176c5f7848692e645852062455047cd4) Importer(815301076,1909f56bfc062723c751e8b465ee728b)
Start importing Assets/Art Assets/Left Notes/left_3.png using Guid(176c5f7848692e645852062455047cd4) Importer(815301076,1909f56bfc062723c751e8b465ee728b)  -> (artifact id: 'fa9dfd541c02cec5d881d6dab8b35cc6') in 0.012592 seconds
  Import took 0.015186 seconds .

========================================================================
Received Import Request.
  Time since last request: 0.000281 seconds.
  path: Assets/Art Assets/Left Notes/left_4.png
  artifactKey: Guid(50284af18aea9a4469ad9caefbd7684f) Importer(815301076,1909f56bfc062723c751e8b465ee728b)
Start importing Assets/Art Assets/Left Notes/left_4.png using Guid(50284af18aea9a4469ad9caefbd7684f) Importer(815301076,1909f56bfc062723c751e8b465ee728b)  -> (artifact id: '9af7339a3948f11915fb8f27b7edd023') in 0.012634 seconds
  Import took 0.016158 seconds .

========================================================================
Received Import Request.
  Time since last request: 19.363430 seconds.
  path: Assets/Art Assets/Left Notes/left_2.png
  artifactKey: Guid(1f71d1f95bd00c6448fea82489561b57) Importer(815301076,1909f56bfc062723c751e8b465ee728b)
Start importing Assets/Art Assets/Left Notes/left_2.png using Guid(1f71d1f95bd00c6448fea82489561b57) Importer(815301076,1909f56bfc062723c751e8b465ee728b)  -> (artifact id: '9d96bc19e0b673a110e58599c08536bd') in 0.010922 seconds
  Import took 0.013804 seconds .

========================================================================
Received Import Request.
  Time since last request: 0.006667 seconds.
  path: Assets/Art Assets/Left Notes/left_1.png
  artifactKey: Guid(ea6fc469d6c9598418607be635637619) Importer(815301076,1909f56bfc062723c751e8b465ee728b)
Start importing Assets/Art Assets/Left Notes/left_1.png using Guid(ea6fc469d6c9598418607be635637619) Importer(815301076,1909f56bfc062723c751e8b465ee728b)  -> (artifact id: '750d433c97ba0dc36ea1883ca9888d73') in 0.014909 seconds
  Import took 0.017842 seconds .

========================================================================
Received Import Request.
  Time since last request: 0.000287 seconds.
  path: Assets/Art Assets/Left Notes/left_5.png
  artifactKey: Guid(e1f3c60a9fd589e4f8af2915683b68db) Importer(815301076,1909f56bfc062723c751e8b465ee728b)
Start importing Assets/Art Assets/Left Notes/left_5.png using Guid(e1f3c60a9fd589e4f8af2915683b68db) Importer(815301076,1909f56bfc062723c751e8b465ee728b)  -> (artifact id: '44ee3e706337016786b0751557cf311b') in 0.013615 seconds
  Import took 0.016239 seconds .

========================================================================
Received Import Request.
  Time since last request: 0.000248 seconds.
  path: Assets/Art Assets/Left Notes/Left_note_outline.png
  artifactKey: Guid(7255c8b8281972040b6ba398871e5d28) Importer(815301076,1909f56bfc062723c751e8b465ee728b)
Start importing Assets/Art Assets/Left Notes/Left_note_outline.png using Guid(7255c8b8281972040b6ba398871e5d28) Importer(815301076,1909f56bfc062723c751e8b465ee728b)  -> (artifact id: '2e7bc043da0a59092a7fe59d99245b80') in 0.013112 seconds
  Import took 0.016110 seconds .

========================================================================
Received Import Request.
  Time since last request: 0.000283 seconds.
  path: Assets/Art Assets/Left Notes/left_3.png
  artifactKey: Guid(176c5f7848692e645852062455047cd4) Importer(815301076,1909f56bfc062723c751e8b465ee728b)
Start importing Assets/Art Assets/Left Notes/left_3.png using Guid(176c5f7848692e645852062455047cd4) Importer(815301076,1909f56bfc062723c751e8b465ee728b)  -> (artifact id: 'cc5625280f4817a92aecd49bd8906f3c') in 0.012995 seconds
  Import took 0.015894 seconds .

========================================================================
Received Import Request.
  Time since last request: 0.000294 seconds.
  path: Assets/Art Assets/Left Notes/left_4.png
  artifactKey: Guid(50284af18aea9a4469ad9caefbd7684f) Importer(815301076,1909f56bfc062723c751e8b465ee728b)
Start importing Assets/Art Assets/Left Notes/left_4.png using Guid(50284af18aea9a4469ad9caefbd7684f) Importer(815301076,1909f56bfc062723c751e8b465ee728b)  -> (artifact id: '66029f4ca975201b063c7ee869a17181') in 0.014278 seconds
  Import took 0.016777 seconds .

========================================================================
Received Import Request.
  Time since last request: 5.090732 seconds.
  path: Assets/Art Assets/Left Notes/left_2.png
  artifactKey: Guid(1f71d1f95bd00c6448fea82489561b57) Importer(815301076,1909f56bfc062723c751e8b465ee728b)
Start importing Assets/Art Assets/Left Notes/left_2.png using Guid(1f71d1f95bd00c6448fea82489561b57) Importer(815301076,1909f56bfc062723c751e8b465ee728b)  -> (artifact id: '8771301f606082a9bc3d35229e37ebff') in 0.010540 seconds
  Import took 0.013535 seconds .

========================================================================
Received Import Request.
  Time since last request: 0.006711 seconds.
  path: Assets/Art Assets/Left Notes/left_1.png
  artifactKey: Guid(ea6fc469d6c9598418607be635637619) Importer(815301076,1909f56bfc062723c751e8b465ee728b)
Start importing Assets/Art Assets/Left Notes/left_1.png using Guid(ea6fc469d6c9598418607be635637619) Importer(815301076,1909f56bfc062723c751e8b465ee728b)  -> (artifact id: 'b7890873fff38abe729ade13a0ca3e1f') in 0.012972 seconds
  Import took 0.016240 seconds .

========================================================================
Received Import Request.
  Time since last request: 0.000278 seconds.
  path: Assets/Art Assets/Left Notes/left_5.png
  artifactKey: Guid(e1f3c60a9fd589e4f8af2915683b68db) Importer(815301076,1909f56bfc062723c751e8b465ee728b)
Start importing Assets/Art Assets/Left Notes/left_5.png using Guid(e1f3c60a9fd589e4f8af2915683b68db) Importer(815301076,1909f56bfc062723c751e8b465ee728b)  -> (artifact id: '4e2aa27f9b3878f21fb67c26252c121e') in 0.012386 seconds
  Import took 0.015301 seconds .

========================================================================
Received Import Request.
  Time since last request: 0.000247 seconds.
  path: Assets/Art Assets/Left Notes/Left_note_outline.png
  artifactKey: Guid(7255c8b8281972040b6ba398871e5d28) Importer(815301076,1909f56bfc062723c751e8b465ee728b)
Start importing Assets/Art Assets/Left Notes/Left_note_outline.png using Guid(7255c8b8281972040b6ba398871e5d28) Importer(815301076,1909f56bfc062723c751e8b465ee728b)  -> (artifact id: 'a208e312360b741deb43606f1155f223') in 0.012516 seconds
  Import took 0.015309 seconds .

========================================================================
Received Import Request.
  Time since last request: 0.000282 seconds.
  path: Assets/Art Assets/Left Notes/left_3.png
  artifactKey: Guid(176c5f7848692e645852062455047cd4) Importer(815301076,1909f56bfc062723c751e8b465ee728b)
Start importing Assets/Art Assets/Left Notes/left_3.png using Guid(176c5f7848692e645852062455047cd4) Importer(815301076,1909f56bfc062723c751e8b465ee728b)  -> (artifact id: '25db70fadb8487e0f7c6f3f68121a90d') in 0.013416 seconds
  Import took 0.017179 seconds .

========================================================================
Received Import Request.
  Time since last request: 0.000270 seconds.
  path: Assets/Art Assets/Left Notes/left_4.png
  artifactKey: Guid(50284af18aea9a4469ad9caefbd7684f) Importer(815301076,1909f56bfc062723c751e8b465ee728b)
Start importing Assets/Art Assets/Left Notes/left_4.png using Guid(50284af18aea9a4469ad9caefbd7684f) Importer(815301076,1909f56bfc062723c751e8b465ee728b)  -> (artifact id: '114833c7660f0dc1a7f79ba3dd850893') in 0.012397 seconds
  Import took 0.016332 seconds .

========================================================================
Received Import Request.
  Time since last request: 4.474673 seconds.
  path: Assets/Art Assets/Left Notes/left_2.png
  artifactKey: Guid(1f71d1f95bd00c6448fea82489561b57) Importer(815301076,1909f56bfc062723c751e8b465ee728b)
Start importing Assets/Art Assets/Left Notes/left_2.png using Guid(1f71d1f95bd00c6448fea82489561b57) Importer(815301076,1909f56bfc062723c751e8b465ee728b)  -> (artifact id: '817e3c8b1c4be587497d13b836d13108') in 0.010941 seconds
  Import took 0.014382 seconds .

========================================================================
Received Import Request.
  Time since last request: 0.005987 seconds.
  path: Assets/Art Assets/Left Notes/left_1.png
  artifactKey: Guid(ea6fc469d6c9598418607be635637619) Importer(815301076,1909f56bfc062723c751e8b465ee728b)
Start importing Assets/Art Assets/Left Notes/left_1.png using Guid(ea6fc469d6c9598418607be635637619) Importer(815301076,1909f56bfc062723c751e8b465ee728b)  -> (artifact id: '09e5c3f438d7e43889721c310e538ff9') in 0.012545 seconds
  Import took 0.015558 seconds .

========================================================================
Received Import Request.
  Time since last request: 0.000263 seconds.
  path: Assets/Art Assets/Left Notes/left_5.png
  artifactKey: Guid(e1f3c60a9fd589e4f8af2915683b68db) Importer(815301076,1909f56bfc062723c751e8b465ee728b)
Start importing Assets/Art Assets/Left Notes/left_5.png using Guid(e1f3c60a9fd589e4f8af2915683b68db) Importer(815301076,1909f56bfc062723c751e8b465ee728b)  -> (artifact id: 'f809c0343c8357171e36a6a8a915d1a8') in 0.012932 seconds
  Import took 0.015508 seconds .

========================================================================
Received Import Request.
  Time since last request: 0.000239 seconds.
  path: Assets/Art Assets/Left Notes/Left_note_outline.png
  artifactKey: Guid(7255c8b8281972040b6ba398871e5d28) Importer(815301076,1909f56bfc062723c751e8b465ee728b)
Start importing Assets/Art Assets/Left Notes/Left_note_outline.png using Guid(7255c8b8281972040b6ba398871e5d28) Importer(815301076,1909f56bfc062723c751e8b465ee728b)  -> (artifact id: 'f5ffcbe33cb9745770f43fbc944f01cf') in 0.011591 seconds
  Import took 0.014159 seconds .

========================================================================
Received Import Request.
  Time since last request: 0.000192 seconds.
  path: Assets/Art Assets/Left Notes/left_3.png
  artifactKey: Guid(176c5f7848692e645852062455047cd4) Importer(815301076,1909f56bfc062723c751e8b465ee728b)
Start importing Assets/Art Assets/Left Notes/left_3.png using Guid(176c5f7848692e645852062455047cd4) Importer(815301076,1909f56bfc062723c751e8b465ee728b)  -> (artifact id: '9b83e209d195e146e47cff82db1bdcdd') in 0.012623 seconds
  Import took 0.015188 seconds .

========================================================================
Received Import Request.
  Time since last request: 0.000312 seconds.
  path: Assets/Art Assets/Left Notes/left_4.png
  artifactKey: Guid(50284af18aea9a4469ad9caefbd7684f) Importer(815301076,1909f56bfc062723c751e8b465ee728b)
Start importing Assets/Art Assets/Left Notes/left_4.png using Guid(50284af18aea9a4469ad9caefbd7684f) Importer(815301076,1909f56bfc062723c751e8b465ee728b)  -> (artifact id: '36bc4ef15178493128ba657f66fe8727') in 0.012975 seconds
  Import took 0.015734 seconds .

========================================================================
Received Import Request.
  Time since last request: 231.365951 seconds.
  path: Assets/Art Assets/Right Notes/right_note_outline.png
  artifactKey: Guid(534f648c8930e984e93e9a22abe86d35) Importer(815301076,1909f56bfc062723c751e8b465ee728b)
Start importing Assets/Art Assets/Right Notes/right_note_outline.png using Guid(534f648c8930e984e93e9a22abe86d35) Importer(815301076,1909f56bfc062723c751e8b465ee728b)  -> (artifact id: '1a589ca543c4e4529122cce14f278dc6') in 0.013567 seconds
  Import took 0.016961 seconds .

========================================================================
Received Import Request.
  Time since last request: 0.004147 seconds.
  path: Assets/Art Assets/Right Notes/left_5.png
  artifactKey: Guid(75c51c63c1c595147a2bb3e410f3fec8) Importer(815301076,1909f56bfc062723c751e8b465ee728b)
Start importing Assets/Art Assets/Right Notes/left_5.png using Guid(75c51c63c1c595147a2bb3e410f3fec8) Importer(815301076,1909f56bfc062723c751e8b465ee728b)  -> (artifact id: '4c3bdced7355ff6122c30b3c38c19cd2') in 0.014134 seconds
  Import took 0.017331 seconds .

========================================================================
Received Import Request.
  Time since last request: 0.000300 seconds.
  path: Assets/Art Assets/Right Notes/right_2.png
  artifactKey: Guid(0bda7e50b270e5a4c8f10368e975f5a7) Importer(815301076,1909f56bfc062723c751e8b465ee728b)
Start importing Assets/Art Assets/Right Notes/right_2.png using Guid(0bda7e50b270e5a4c8f10368e975f5a7) Importer(815301076,1909f56bfc062723c751e8b465ee728b)  -> (artifact id: 'e7291ef9d2060df3d8201122c5459a66') in 0.014063 seconds
  Import took 0.017017 seconds .

========================================================================
Received Import Request.
  Time since last request: 0.000300 seconds.
  path: Assets/Art Assets/Right Notes/right_1.png
  artifactKey: Guid(4c129e14b920d634fbc3bdfaeebba138) Importer(815301076,1909f56bfc062723c751e8b465ee728b)
Start importing Assets/Art Assets/Right Notes/right_1.png using Guid(4c129e14b920d634fbc3bdfaeebba138) Importer(815301076,1909f56bfc062723c751e8b465ee728b)  -> (artifact id: 'f46c1d7f8cef8783840489692e3c0d1e') in 0.013452 seconds
  Import took 0.016795 seconds .

========================================================================
Received Import Request.
  Time since last request: 0.000313 seconds.
  path: Assets/Art Assets/Right Notes/right_3.png
  artifactKey: Guid(faabd28a33a01c642acdadff43d57224) Importer(815301076,1909f56bfc062723c751e8b465ee728b)
Start importing Assets/Art Assets/Right Notes/right_3.png using Guid(faabd28a33a01c642acdadff43d57224) Importer(815301076,1909f56bfc062723c751e8b465ee728b)  -> (artifact id: '3619f1fe2fd854224e710c8c33b9b302') in 0.013715 seconds
  Import took 0.016769 seconds .

========================================================================
Received Import Request.
  Time since last request: 0.000299 seconds.
  path: Assets/Art Assets/Right Notes/right_4.png
  artifactKey: Guid(b9d7cf448fbd72c438c716d819731cf2) Importer(815301076,1909f56bfc062723c751e8b465ee728b)
Start importing Assets/Art Assets/Right Notes/right_4.png using Guid(b9d7cf448fbd72c438c716d819731cf2) Importer(815301076,1909f56bfc062723c751e8b465ee728b)  -> (artifact id: '67db5369f375e47a5f0a712be021eca0') in 0.015246 seconds
  Import took 0.017831 seconds .

========================================================================
Received Prepare
Registering precompiled user dll's ...
Registered in 0.000998 seconds.
Begin MonoManager ReloadAssembly
Native extension for WindowsStandalone target not found
Native extension for WebGL target not found
Refreshing native plugins compatible for Editor in 0.41 ms, found 1 plugins.
Preloading 0 native plugins for Editor in 0.00 ms.
Invoked RoslynAnalysisRunner static constructor.
RoslynAnalysisRunner will not be running.
RoslynAnalysisRunner has terminated.
Mono: successfully reloaded assembly
- Completed reload, in  0.810 seconds
Platform modules already initialized, skipping
Refreshing native plugins compatible for Editor in 0.32 ms, found 1 plugins.
Preloading 0 native plugins for Editor in 0.00 ms.
Unloading 1805 Unused Serialized files (Serialized files now loaded: 0)
System memory in use before: 88.1 MB.
System memory in use after: 88.1 MB.

Unloading 12 unused Assets to reduce memory usage. Loaded Objects now: 2361.
Total: 1.839600 ms (FindLiveObjects: 0.212700 ms CreateObjectMapping: 0.071600 ms MarkObjects: 1.452700 ms  DeleteObjects: 0.101500 ms)

========================================================================
Received Prepare
Registering precompiled user dll's ...
Registered in 0.001474 seconds.
Begin MonoManager ReloadAssembly
Native extension for WindowsStandalone target not found
Native extension for WebGL target not found
Refreshing native plugins compatible for Editor in 0.31 ms, found 1 plugins.
Preloading 0 native plugins for Editor in 0.00 ms.
Invoked RoslynAnalysisRunner static constructor.
RoslynAnalysisRunner will not be running.
RoslynAnalysisRunner has terminated.
Mono: successfully reloaded assembly
- Completed reload, in  0.758 seconds
Platform modules already initialized, skipping
Refreshing native plugins compatible for Editor in 0.32 ms, found 1 plugins.
Preloading 0 native plugins for Editor in 0.00 ms.
Unloading 1805 Unused Serialized files (Serialized files now loaded: 0)
System memory in use before: 88.1 MB.
System memory in use after: 88.1 MB.

Unloading 12 unused Assets to reduce memory usage. Loaded Objects now: 2365.
Total: 2.076900 ms (FindLiveObjects: 0.171600 ms CreateObjectMapping: 0.050600 ms MarkObjects: 1.758400 ms  DeleteObjects: 0.095300 ms)

========================================================================
Received Prepare
Registering precompiled user dll's ...
Registered in 0.000923 seconds.
Begin MonoManager ReloadAssembly
Native extension for WindowsStandalone target not found
Native extension for WebGL target not found
Refreshing native plugins compatible for Editor in 0.32 ms, found 1 plugins.
Preloading 0 native plugins for Editor in 0.00 ms.
Invoked RoslynAnalysisRunner static constructor.
RoslynAnalysisRunner will not be running.
RoslynAnalysisRunner has terminated.
Mono: successfully reloaded assembly
- Completed reload, in  0.738 seconds
Platform modules already initialized, skipping
Refreshing native plugins compatible for Editor in 0.48 ms, found 1 plugins.
Preloading 0 native plugins for Editor in 0.00 ms.
Unloading 1805 Unused Serialized files (Serialized files now loaded: 0)
System memory in use before: 88.1 MB.
System memory in use after: 88.1 MB.

Unloading 12 unused Assets to reduce memory usage. Loaded Objects now: 2369.
Total: 2.445900 ms (FindLiveObjects: 0.276500 ms CreateObjectMapping: 0.099500 ms MarkObjects: 1.970800 ms  DeleteObjects: 0.098200 ms)

========================================================================
Received Import Request.
  Time since last request: 213.080029 seconds.
  path: Assets/LeftPaw.prefab
  artifactKey: Guid(ba52a9d0e0bd4824fb410ada27889ee9) Importer(815301076,1909f56bfc062723c751e8b465ee728b)
Start importing Assets/LeftPaw.prefab using Guid(ba52a9d0e0bd4824fb410ada27889ee9) Importer(815301076,1909f56bfc062723c751e8b465ee728b)  -> (artifact id: 'e84b7f4a6bd4ce1c90f57fd3d486331f') in 0.051024 seconds
  Import took 0.054063 seconds .

========================================================================
Received Import Request.
  Time since last request: 9.468596 seconds.
  path: Assets/RightPaw.prefab
  artifactKey: Guid(65979f4efb6b03e4c8ac90adf9e020e0) Importer(815301076,1909f56bfc062723c751e8b465ee728b)
Start importing Assets/RightPaw.prefab using Guid(65979f4efb6b03e4c8ac90adf9e020e0) Importer(815301076,1909f56bfc062723c751e8b465ee728b)  -> (artifact id: '447025bac9f7739e29bd38863d42548c') in 0.007759 seconds
  Import took 0.010773 seconds .

========================================================================
Received Import Request.
  Time since last request: 0.001840 seconds.
  path: Assets/RightPaw.prefab
  artifactKey: Guid(65979f4efb6b03e4c8ac90adf9e020e0) Importer(815301076,1909f56bfc062723c751e8b465ee728b)
Start importing Assets/RightPaw.prefab using Guid(65979f4efb6b03e4c8ac90adf9e020e0) Importer(815301076,1909f56bfc062723c751e8b465ee728b)  -> (artifact id: '447025bac9f7739e29bd38863d42548c') in 0.003763 seconds
  Import took 0.006407 seconds .

========================================================================
Received Import Request.
  Time since last request: 176.408902 seconds.
  path: Assets/RightPaw.prefab
  artifactKey: Guid(65979f4efb6b03e4c8ac90adf9e020e0) Importer(815301076,1909f56bfc062723c751e8b465ee728b)
Start importing Assets/RightPaw.prefab using Guid(65979f4efb6b03e4c8ac90adf9e020e0) Importer(815301076,1909f56bfc062723c751e8b465ee728b)  -> (artifact id: '37cdfaf0f9a10cb0184bad4e60426ec0') in 0.003411 seconds
  Import took 0.006433 seconds .

========================================================================
Received Import Request.
  Time since last request: 0.002929 seconds.
  path: Assets/RightPaw.prefab
  artifactKey: Guid(65979f4efb6b03e4c8ac90adf9e020e0) Importer(815301076,1909f56bfc062723c751e8b465ee728b)
Start importing Assets/RightPaw.prefab using Guid(65979f4efb6b03e4c8ac90adf9e020e0) Importer(815301076,1909f56bfc062723c751e8b465ee728b)  -> (artifact id: '37cdfaf0f9a10cb0184bad4e60426ec0') in 0.003377 seconds
  Import took 0.006034 seconds .

========================================================================
Received Import Request.
  Time since last request: 7.801224 seconds.
  path: Assets/RightPaw.prefab
  artifactKey: Guid(65979f4efb6b03e4c8ac90adf9e020e0) Importer(815301076,1909f56bfc062723c751e8b465ee728b)
Start importing Assets/RightPaw.prefab using Guid(65979f4efb6b03e4c8ac90adf9e020e0) Importer(815301076,1909f56bfc062723c751e8b465ee728b)  -> (artifact id: 'ae6bcc9896ea2edeeec40d0045eee1a9') in 0.003694 seconds
  Import took 0.006767 seconds .

========================================================================
Received Import Request.
  Time since last request: 0.001828 seconds.
  path: Assets/RightPaw.prefab
  artifactKey: Guid(65979f4efb6b03e4c8ac90adf9e020e0) Importer(815301076,1909f56bfc062723c751e8b465ee728b)
Start importing Assets/RightPaw.prefab using Guid(65979f4efb6b03e4c8ac90adf9e020e0) Importer(815301076,1909f56bfc062723c751e8b465ee728b)  -> (artifact id: 'ae6bcc9896ea2edeeec40d0045eee1a9') in 0.003437 seconds
  Import took 0.006131 seconds .

========================================================================
Received Import Request.
  Time since last request: 11.311312 seconds.
  path: Assets/RightPaw.prefab
  artifactKey: Guid(65979f4efb6b03e4c8ac90adf9e020e0) Importer(815301076,1909f56bfc062723c751e8b465ee728b)
Start importing Assets/RightPaw.prefab using Guid(65979f4efb6b03e4c8ac90adf9e020e0) Importer(815301076,1909f56bfc062723c751e8b465ee728b)  -> (artifact id: 'b0aee04f67839b2944939d2cfeb3bfd3') in 0.003324 seconds
  Import took 0.005986 seconds .

========================================================================
Received Import Request.
  Time since last request: 0.005762 seconds.
  path: Assets/RightPaw.prefab
  artifactKey: Guid(65979f4efb6b03e4c8ac90adf9e020e0) Importer(815301076,1909f56bfc062723c751e8b465ee728b)
Start importing Assets/RightPaw.prefab using Guid(65979f4efb6b03e4c8ac90adf9e020e0) Importer(815301076,1909f56bfc062723c751e8b465ee728b)  -> (artifact id: 'b0aee04f67839b2944939d2cfeb3bfd3') in 0.003984 seconds
  Import took 0.006720 seconds .

========================================================================
Received Import Request.
  Time since last request: 3234.540926 seconds.
  path: Assets/RightPaw.prefab
  artifactKey: Guid(65979f4efb6b03e4c8ac90adf9e020e0) Importer(815301076,1909f56bfc062723c751e8b465ee728b)
Start importing Assets/RightPaw.prefab using Guid(65979f4efb6b03e4c8ac90adf9e020e0) Importer(815301076,1909f56bfc062723c751e8b465ee728b)  -> (artifact id: '28c9495cc44eae0c94d279b27eae15dc') in 0.004143 seconds
  Import took 0.007408 seconds .

========================================================================
Received Import Request.
  Time since last request: 0.009338 seconds.
  path: Assets/RightPaw.prefab
  artifactKey: Guid(65979f4efb6b03e4c8ac90adf9e020e0) Importer(815301076,1909f56bfc062723c751e8b465ee728b)
Start importing Assets/RightPaw.prefab using Guid(65979f4efb6b03e4c8ac90adf9e020e0) Importer(815301076,1909f56bfc062723c751e8b465ee728b)  -> (artifact id: '28c9495cc44eae0c94d279b27eae15dc') in 0.003715 seconds
  Import took 0.006619 seconds .

========================================================================
Received Import Request.
  Time since last request: 7.810479 seconds.
  path: Assets/RightPaw.prefab
  artifactKey: Guid(65979f4efb6b03e4c8ac90adf9e020e0) Importer(815301076,1909f56bfc062723c751e8b465ee728b)
Start importing Assets/RightPaw.prefab using Guid(65979f4efb6b03e4c8ac90adf9e020e0) Importer(815301076,1909f56bfc062723c751e8b465ee728b)  -> (artifact id: 'd465f6de598273ca52958d34c3fe2122') in 0.018898 seconds
  Import took 0.021857 seconds .

========================================================================
Received Import Request.
  Time since last request: 2.393882 seconds.
  path: Assets/RightPaw.prefab
  artifactKey: Guid(65979f4efb6b03e4c8ac90adf9e020e0) Importer(815301076,1909f56bfc062723c751e8b465ee728b)
Start importing Assets/RightPaw.prefab using Guid(65979f4efb6b03e4c8ac90adf9e020e0) Importer(815301076,1909f56bfc062723c751e8b465ee728b)  -> (artifact id: '7d37bba2a370b8237f6e929352a6f78d') in 0.010878 seconds
  Import took 0.013636 seconds .

========================================================================
Received Import Request.
  Time since last request: 0.001738 seconds.
  path: Assets/RightPaw.prefab
  artifactKey: Guid(65979f4efb6b03e4c8ac90adf9e020e0) Importer(815301076,1909f56bfc062723c751e8b465ee728b)
Start importing Assets/RightPaw.prefab using Guid(65979f4efb6b03e4c8ac90adf9e020e0) Importer(815301076,1909f56bfc062723c751e8b465ee728b)  -> (artifact id: '7d37bba2a370b8237f6e929352a6f78d') in 0.007711 seconds
  Import took 0.010457 seconds .

========================================================================
Received Import Request.
  Time since last request: 8.664303 seconds.
  path: Assets/RightPaw.prefab
  artifactKey: Guid(65979f4efb6b03e4c8ac90adf9e020e0) Importer(815301076,1909f56bfc062723c751e8b465ee728b)
Start importing Assets/RightPaw.prefab using Guid(65979f4efb6b03e4c8ac90adf9e020e0) Importer(815301076,1909f56bfc062723c751e8b465ee728b)  -> (artifact id: '437a7d9b142795ff2aaec6b41159c66c') in 0.011165 seconds
  Import took 0.014017 seconds .

========================================================================
Received Import Request.
  Time since last request: 0.002432 seconds.
  path: Assets/RightPaw.prefab
  artifactKey: Guid(65979f4efb6b03e4c8ac90adf9e020e0) Importer(815301076,1909f56bfc062723c751e8b465ee728b)
Start importing Assets/RightPaw.prefab using Guid(65979f4efb6b03e4c8ac90adf9e020e0) Importer(815301076,1909f56bfc062723c751e8b465ee728b)  -> (artifact id: '437a7d9b142795ff2aaec6b41159c66c') in 0.008198 seconds
  Import took 0.010906 seconds .

========================================================================
Received Import Request.
  Time since last request: 1040.549131 seconds.
  path: Assets/Sprites/BlackCat.anim
  artifactKey: Guid(2290f8b1adb9e0244b1bb292067468f1) Importer(815301076,1909f56bfc062723c751e8b465ee728b)
Start importing Assets/Sprites/BlackCat.anim using Guid(2290f8b1adb9e0244b1bb292067468f1) Importer(815301076,1909f56bfc062723c751e8b465ee728b)  -> (artifact id: 'f08cd9d81762721646ef5fd0c491109f') in 0.009806 seconds
  Import took 0.013022 seconds .

========================================================================
Received Import Request.
  Time since last request: 0.001380 seconds.
  path: Assets/Sprites/BlackCat.anim
  artifactKey: Guid(2290f8b1adb9e0244b1bb292067468f1) Importer(815301076,1909f56bfc062723c751e8b465ee728b)
Start importing Assets/Sprites/BlackCat.anim using Guid(2290f8b1adb9e0244b1bb292067468f1) Importer(815301076,1909f56bfc062723c751e8b465ee728b)  -> (artifact id: 'f08cd9d81762721646ef5fd0c491109f') in 0.003373 seconds
  Import took 0.006192 seconds .

========================================================================
Received Import Request.
  Time since last request: 48.776203 seconds.
  path: Assets/Sprites/Cat Controller.controller
  artifactKey: Guid(f12bb38f33deaef48a11d44663582c0c) Importer(815301076,1909f56bfc062723c751e8b465ee728b)
Start importing Assets/Sprites/Cat Controller.controller using Guid(f12bb38f33deaef48a11d44663582c0c) Importer(815301076,1909f56bfc062723c751e8b465ee728b)  -> (artifact id: 'd0a52f5f27b68074fea71a46a82df830') in 0.009331 seconds
  Import took 0.012075 seconds .

========================================================================
Received Import Request.
  Time since last request: 0.000530 seconds.
  path: Assets/Sprites/Cat Controller.controller
  artifactKey: Guid(f12bb38f33deaef48a11d44663582c0c) Importer(815301076,1909f56bfc062723c751e8b465ee728b)
Start importing Assets/Sprites/Cat Controller.controller using Guid(f12bb38f33deaef48a11d44663582c0c) Importer(815301076,1909f56bfc062723c751e8b465ee728b)  -> (artifact id: 'd0a52f5f27b68074fea71a46a82df830') in 0.002726 seconds
  Import took 0.005453 seconds .

========================================================================
Received Prepare
Registering precompiled user dll's ...
Registered in 0.000965 seconds.
Begin MonoManager ReloadAssembly
Native extension for WindowsStandalone target not found
Native extension for WebGL target not found
Refreshing native plugins compatible for Editor in 0.32 ms, found 1 plugins.
Preloading 0 native plugins for Editor in 0.00 ms.
Invoked RoslynAnalysisRunner static constructor.
RoslynAnalysisRunner will not be running.
RoslynAnalysisRunner has terminated.
Mono: successfully reloaded assembly
- Completed reload, in  0.809 seconds
Platform modules already initialized, skipping
Refreshing native plugins compatible for Editor in 0.64 ms, found 1 plugins.
Preloading 0 native plugins for Editor in 0.00 ms.
Unloading 1805 Unused Serialized files (Serialized files now loaded: 0)
System memory in use before: 88.4 MB.
System memory in use after: 88.3 MB.

Unloading 12 unused Assets to reduce memory usage. Loaded Objects now: 2374.
Total: 2.881000 ms (FindLiveObjects: 0.257900 ms CreateObjectMapping: 0.078400 ms MarkObjects: 2.361400 ms  DeleteObjects: 0.181600 ms)

========================================================================
Received Prepare
Registering precompiled user dll's ...
Registered in 0.001024 seconds.
Begin MonoManager ReloadAssembly
Native extension for WindowsStandalone target not found
Native extension for WebGL target not found
Refreshing native plugins compatible for Editor in 0.32 ms, found 1 plugins.
Preloading 0 native plugins for Editor in 0.00 ms.
Invoked RoslynAnalysisRunner static constructor.
RoslynAnalysisRunner will not be running.
RoslynAnalysisRunner has terminated.
Mono: successfully reloaded assembly
- Completed reload, in  0.787 seconds
Platform modules already initialized, skipping
Refreshing native plugins compatible for Editor in 0.31 ms, found 1 plugins.
Preloading 0 native plugins for Editor in 0.00 ms.
Unloading 1805 Unused Serialized files (Serialized files now loaded: 0)
System memory in use before: 88.4 MB.
System memory in use after: 88.4 MB.

Unloading 12 unused Assets to reduce memory usage. Loaded Objects now: 2378.
Total: 2.301900 ms (FindLiveObjects: 0.437300 ms CreateObjectMapping: 0.106000 ms MarkObjects: 1.640100 ms  DeleteObjects: 0.115400 ms)

========================================================================
Received Import Request.
  Time since last request: 374.386832 seconds.
  path: Assets/NegativeSpace-draft2.mp3
  artifactKey: Guid(52b5ab187c5aefd418ba612970426711) Importer(815301076,1909f56bfc062723c751e8b465ee728b)
Start importing Assets/NegativeSpace-draft2.mp3 using Guid(52b5ab187c5aefd418ba612970426711) Importer(815301076,1909f56bfc062723c751e8b465ee728b)  -> (artifact id: '13ec0f7768296420320e5d3c12f78e86') in 0.042192 seconds
  Import took 0.045407 seconds .

========================================================================
Received Prepare
Registering precompiled user dll's ...
Registered in 0.000960 seconds.
Begin MonoManager ReloadAssembly
Native extension for WindowsStandalone target not found
Native extension for WebGL target not found
Refreshing native plugins compatible for Editor in 0.32 ms, found 1 plugins.
Preloading 0 native plugins for Editor in 0.00 ms.
Invoked RoslynAnalysisRunner static constructor.
RoslynAnalysisRunner will not be running.
RoslynAnalysisRunner has terminated.
Mono: successfully reloaded assembly
- Completed reload, in  0.745 seconds
Platform modules already initialized, skipping
Refreshing native plugins compatible for Editor in 0.36 ms, found 1 plugins.
Preloading 0 native plugins for Editor in 0.00 ms.
Unloading 1805 Unused Serialized files (Serialized files now loaded: 0)
System memory in use before: 88.4 MB.
System memory in use after: 88.4 MB.

Unloading 12 unused Assets to reduce memory usage. Loaded Objects now: 2383.
Total: 2.675900 ms (FindLiveObjects: 0.541600 ms CreateObjectMapping: 0.237800 ms MarkObjects: 1.782500 ms  DeleteObjects: 0.112500 ms)

========================================================================
Received Prepare
Registering precompiled user dll's ...
Registered in 0.000979 seconds.
Begin MonoManager ReloadAssembly
Native extension for WindowsStandalone target not found
Native extension for WebGL target not found
Refreshing native plugins compatible for Editor in 0.33 ms, found 1 plugins.
Preloading 0 native plugins for Editor in 0.00 ms.
Invoked RoslynAnalysisRunner static constructor.
RoslynAnalysisRunner will not be running.
RoslynAnalysisRunner has terminated.
Mono: successfully reloaded assembly
- Completed reload, in  0.737 seconds
Platform modules already initialized, skipping
Refreshing native plugins compatible for Editor in 0.32 ms, found 1 plugins.
Preloading 0 native plugins for Editor in 0.00 ms.
Unloading 1805 Unused Serialized files (Serialized files now loaded: 0)
System memory in use before: 88.4 MB.
System memory in use after: 88.4 MB.

Unloading 12 unused Assets to reduce memory usage. Loaded Objects now: 2387.
Total: 1.992000 ms (FindLiveObjects: 0.180800 ms CreateObjectMapping: 0.059800 ms MarkObjects: 1.653200 ms  DeleteObjects: 0.097100 ms)

========================================================================
Received Prepare
Registering precompiled user dll's ...
Registered in 0.000984 seconds.
Begin MonoManager ReloadAssembly
Native extension for WindowsStandalone target not found
Native extension for WebGL target not found
Refreshing native plugins compatible for Editor in 0.31 ms, found 1 plugins.
Preloading 0 native plugins for Editor in 0.00 ms.
Invoked RoslynAnalysisRunner static constructor.
RoslynAnalysisRunner will not be running.
RoslynAnalysisRunner has terminated.
Mono: successfully reloaded assembly
- Completed reload, in  0.758 seconds
Platform modules already initialized, skipping
Refreshing native plugins compatible for Editor in 0.31 ms, found 1 plugins.
Preloading 0 native plugins for Editor in 0.00 ms.
Unloading 1805 Unused Serialized files (Serialized files now loaded: 0)
System memory in use before: 88.4 MB.
System memory in use after: 88.4 MB.

Unloading 12 unused Assets to reduce memory usage. Loaded Objects now: 2391.
Total: 4.499300 ms (FindLiveObjects: 0.627900 ms CreateObjectMapping: 0.311100 ms MarkObjects: 3.345100 ms  DeleteObjects: 0.212200 ms)

========================================================================
Received Prepare
Registering precompiled user dll's ...
Registered in 0.001265 seconds.
Begin MonoManager ReloadAssembly
Native extension for WindowsStandalone target not found
Native extension for WebGL target not found
Refreshing native plugins compatible for Editor in 0.33 ms, found 1 plugins.
Preloading 0 native plugins for Editor in 0.00 ms.
Invoked RoslynAnalysisRunner static constructor.
RoslynAnalysisRunner will not be running.
RoslynAnalysisRunner has terminated.
Mono: successfully reloaded assembly
- Completed reload, in  0.959 seconds
Platform modules already initialized, skipping
Refreshing native plugins compatible for Editor in 0.36 ms, found 1 plugins.
Preloading 0 native plugins for Editor in 0.00 ms.
Unloading 1805 Unused Serialized files (Serialized files now loaded: 0)
System memory in use before: 88.4 MB.
System memory in use after: 88.4 MB.

Unloading 12 unused Assets to reduce memory usage. Loaded Objects now: 2395.
Total: 1.884700 ms (FindLiveObjects: 0.208700 ms CreateObjectMapping: 0.063800 ms MarkObjects: 1.508800 ms  DeleteObjects: 0.101900 ms)

========================================================================
Received Prepare
Registering precompiled user dll's ...
Registered in 0.001006 seconds.
Begin MonoManager ReloadAssembly
Native extension for WindowsStandalone target not found
Native extension for WebGL target not found
Refreshing native plugins compatible for Editor in 0.36 ms, found 1 plugins.
Preloading 0 native plugins for Editor in 0.00 ms.
Invoked RoslynAnalysisRunner static constructor.
RoslynAnalysisRunner will not be running.
RoslynAnalysisRunner has terminated.
Mono: successfully reloaded assembly
- Completed reload, in  0.808 seconds
Platform modules already initialized, skipping
Refreshing native plugins compatible for Editor in 0.32 ms, found 1 plugins.
Preloading 0 native plugins for Editor in 0.00 ms.
Unloading 1805 Unused Serialized files (Serialized files now loaded: 0)
System memory in use before: 88.4 MB.
System memory in use after: 88.4 MB.

Unloading 12 unused Assets to reduce memory usage. Loaded Objects now: 2399.
Total: 2.216500 ms (FindLiveObjects: 0.222300 ms CreateObjectMapping: 0.074600 ms MarkObjects: 1.818900 ms  DeleteObjects: 0.099700 ms)

AssetImportWorkerClient::OnTransportError - code=2 error=End of file
